TN:
SF:app/analytics.tsx
FN:5,Analytics
FN:52,(anonymous_8)
FN:58,(anonymous_9)
FN:65,(anonymous_10)
FN:72,(anonymous_11)
FNF:5
FNH:0
FNDA:0,Analytics
FNDA:0,(anonymous_8)
FNDA:0,(anonymous_9)
FNDA:0,(anonymous_10)
FNDA:0,(anonymous_11)
DA:3,0
DA:5,0
DA:8,0
DA:11,0
DA:12,0
DA:13,0
DA:52,0
DA:53,0
DA:54,0
DA:58,0
DA:59,0
DA:65,0
DA:66,0
DA:72,0
DA:73,0
LF:15
LH:0
BRDA:8,0,0,0
BRDA:8,0,1,0
BRDA:11,1,0,0
BRDA:11,2,0,0
BRDA:11,2,1,0
BRDA:36,3,0,0
BRDA:36,3,1,0
BRDA:53,4,0,0
BRDA:53,5,0,0
BRDA:53,5,1,0
BRF:10
BRH:0
end_of_record
TN:
SF:app/layout.tsx
FN:155,RootLayout
FNF:1
FNH:0
FNDA:0,RootLayout
DA:3,0
DA:4,0
DA:5,0
DA:6,0
DA:7,0
DA:8,0
DA:9,0
DA:10,0
DA:11,0
DA:12,0
DA:13,0
DA:15,0
DA:21,0
DA:29,0
DA:149,0
DA:155,0
LF:16
LH:0
BRF:0
BRH:0
end_of_record
TN:
SF:app/page-server.tsx
FN:12,(anonymous_5)
FN:12,(anonymous_6)
FN:21,(anonymous_9)
FN:21,(anonymous_10)
FN:144,HomePage
FN:219,(anonymous_14)
FNF:6
FNH:0
FNDA:0,(anonymous_5)
FNDA:0,(anonymous_6)
FNDA:0,(anonymous_9)
FNDA:0,(anonymous_10)
FNDA:0,HomePage
FNDA:0,(anonymous_14)
DA:1,0
DA:2,0
DA:3,0
DA:4,0
DA:5,0
DA:6,0
DA:7,0
DA:8,0
DA:9,0
DA:12,0
DA:21,0
DA:31,0
DA:49,0
DA:64,0
DA:144,0
DA:220,0
LF:16
LH:0
BRF:0
BRH:0
end_of_record
TN:
SF:app/page.tsx
FN:20,(anonymous_5)
FN:20,(anonymous_6)
FN:29,(anonymous_9)
FN:29,(anonymous_10)
FN:42,HomePage
FN:64,(anonymous_14)
FN:67,(anonymous_15)
FN:90,(anonymous_16)
FN:93,(anonymous_17)
FN:94,(anonymous_18)
FN:105,(anonymous_19)
FN:108,(anonymous_20)
FN:113,(anonymous_21)
FN:118,(anonymous_22)
FN:249,(anonymous_23)
FN:306,(anonymous_24)
FN:426,(anonymous_25)
FN:439,(anonymous_26)
FN:519,(anonymous_27)
FN:543,(anonymous_28)
FN:559,(anonymous_29)
FN:565,(anonymous_30)
FN:573,(anonymous_31)
FN:662,(anonymous_32)
FN:718,(anonymous_33)
FN:728,(anonymous_34)
FN:970,(anonymous_35)
FN:1040,(anonymous_36)
FN:1147,(anonymous_37)
FN:1160,(anonymous_38)
FN:1168,(anonymous_39)
FNF:31
FNH:0
FNDA:0,(anonymous_5)
FNDA:0,(anonymous_6)
FNDA:0,(anonymous_9)
FNDA:0,(anonymous_10)
FNDA:0,HomePage
FNDA:0,(anonymous_14)
FNDA:0,(anonymous_15)
FNDA:0,(anonymous_16)
FNDA:0,(anonymous_17)
FNDA:0,(anonymous_18)
FNDA:0,(anonymous_19)
FNDA:0,(anonymous_20)
FNDA:0,(anonymous_21)
FNDA:0,(anonymous_22)
FNDA:0,(anonymous_23)
FNDA:0,(anonymous_24)
FNDA:0,(anonymous_25)
FNDA:0,(anonymous_26)
FNDA:0,(anonymous_27)
FNDA:0,(anonymous_28)
FNDA:0,(anonymous_29)
FNDA:0,(anonymous_30)
FNDA:0,(anonymous_31)
FNDA:0,(anonymous_32)
FNDA:0,(anonymous_33)
FNDA:0,(anonymous_34)
FNDA:0,(anonymous_35)
FNDA:0,(anonymous_36)
FNDA:0,(anonymous_37)
FNDA:0,(anonymous_38)
FNDA:0,(anonymous_39)
DA:3,0
DA:4,0
DA:5,0
DA:7,0
DA:8,0
DA:9,0
DA:10,0
DA:17,0
DA:20,0
DA:29,0
DA:42,0
DA:43,0
DA:49,0
DA:50,0
DA:51,0
DA:52,0
DA:54,0
DA:55,0
DA:56,0
DA:57,0
DA:58,0
DA:60,0
DA:61,0
DA:62,0
DA:64,0
DA:65,0
DA:67,0
DA:68,0
DA:69,0
DA:71,0
DA:72,0
DA:73,0
DA:74,0
DA:75,0
DA:77,0
DA:80,0
DA:85,0
DA:88,0
DA:90,0
DA:93,0
DA:94,0
DA:95,0
DA:96,0
DA:97,0
DA:98,0
DA:99,0
DA:100,0
DA:101,0
DA:104,0
DA:105,0
DA:108,0
DA:109,0
DA:110,0
DA:113,0
DA:114,0
DA:115,0
DA:118,0
DA:119,0
DA:120,0
DA:250,0
DA:307,0
DA:427,0
DA:439,0
DA:521,0
DA:544,0
DA:545,0
DA:546,0
DA:547,0
DA:550,0
DA:552,0
DA:553,0
DA:556,0
DA:560,0
DA:561,0
DA:562,0
DA:563,0
DA:565,0
DA:566,0
DA:567,0
DA:568,0
DA:569,0
DA:570,0
DA:573,0
DA:574,0
DA:575,0
DA:576,0
DA:579,0
DA:580,0
DA:663,0
DA:719,0
DA:728,0
DA:971,0
DA:1041,0
DA:1148,0
DA:1160,0
DA:1169,0
DA:1170,0
LF:97
LH:0
BRDA:71,0,0,0
BRDA:71,0,1,0
BRDA:550,1,0,0
BRDA:550,2,0,0
BRDA:550,2,1,0
BRDA:550,2,2,0
BRDA:550,2,3,0
BRDA:566,3,0,0
BRDA:1098,4,0,0
BRF:9
BRH:0
end_of_record
TN:
SF:app/sitemap.ts
FN:3,sitemap
FNF:1
FNH:0
FNDA:0,sitemap
DA:3,0
DA:4,0
DA:6,0
LF:3
LH:0
BRF:0
BRH:0
end_of_record
TN:
SF:app/abstracts/page.tsx
FN:16,AbstractsPage
FN:36,(anonymous_3)
FN:55,(anonymous_4)
FN:98,(anonymous_5)
FN:143,(anonymous_6)
FN:192,(anonymous_7)
FN:243,(anonymous_8)
FN:283,(anonymous_9)
FN:307,(anonymous_10)
FN:317,(anonymous_11)
FNF:10
FNH:0
FNDA:0,AbstractsPage
FNDA:0,(anonymous_3)
FNDA:0,(anonymous_4)
FNDA:0,(anonymous_5)
FNDA:0,(anonymous_6)
FNDA:0,(anonymous_7)
FNDA:0,(anonymous_8)
FNDA:0,(anonymous_9)
FNDA:0,(anonymous_10)
FNDA:0,(anonymous_11)
DA:5,0
DA:6,0
DA:7,0
DA:8,0
DA:12,0
DA:13,0
DA:14,0
DA:16,0
DA:17,0
DA:18,0
DA:19,0
DA:36,0
DA:37,0
DA:39,0
DA:40,0
DA:51,0
DA:53,0
DA:54,0
DA:55,0
DA:56,0
DA:57,0
DA:58,0
DA:61,0
DA:62,0
DA:65,0
DA:66,0
DA:83,0
DA:98,0
DA:143,0
DA:193,0
DA:244,0
DA:283,0
DA:307,0
DA:317,0
LF:34
LH:0
BRDA:53,0,0,0
BRDA:53,0,1,0
BRDA:83,1,0,0
BRDA:274,2,0,0
BRF:4
BRH:0
end_of_record
TN:
SF:app/admin/page.tsx
FN:11,AdminPage
FNF:1
FNH:0
FNDA:0,AdminPage
DA:2,0
DA:3,0
DA:4,0
DA:6,0
DA:11,0
LF:5
LH:0
BRF:0
BRH:0
end_of_record
TN:
SF:app/admin/config/page.tsx
FN:11,ConfigPage
FNF:1
FNH:0
FNDA:0,ConfigPage
DA:2,0
DA:3,0
DA:4,0
DA:6,0
DA:11,0
LF:5
LH:0
BRF:0
BRH:0
end_of_record
TN:
SF:app/admin/emails/page.tsx
FN:11,EmailsPage
FNF:1
FNH:0
FNDA:0,EmailsPage
DA:2,0
DA:3,0
DA:4,0
DA:6,0
DA:11,0
LF:5
LH:0
BRF:0
BRH:0
end_of_record
TN:
SF:app/admin/notifications/page.tsx
FN:34,NotificationsAdminPage
FN:42,(anonymous_5)
FN:60,(anonymous_6)
FN:78,(anonymous_7)
FN:82,(anonymous_8)
FN:87,(anonymous_9)
FN:104,(anonymous_10)
FN:110,(anonymous_11)
FN:129,(anonymous_12)
FN:229,(anonymous_13)
FN:277,(anonymous_14)
FN:329,(anonymous_15)
FN:337,(anonymous_16)
FNF:13
FNH:0
FNDA:0,NotificationsAdminPage
FNDA:0,(anonymous_5)
FNDA:0,(anonymous_6)
FNDA:0,(anonymous_7)
FNDA:0,(anonymous_8)
FNDA:0,(anonymous_9)
FNDA:0,(anonymous_10)
FNDA:0,(anonymous_11)
FNDA:0,(anonymous_12)
FNDA:0,(anonymous_13)
FNDA:0,(anonymous_14)
FNDA:0,(anonymous_15)
FNDA:0,(anonymous_16)
DA:3,0
DA:4,0
DA:5,0
DA:6,0
DA:7,0
DA:8,0
DA:9,0
DA:10,0
DA:34,0
DA:35,0
DA:36,0
DA:37,0
DA:38,0
DA:39,0
DA:40,0
DA:42,0
DA:43,0
DA:44,0
DA:45,0
DA:50,0
DA:51,0
DA:54,0
DA:55,0
DA:57,0
DA:59,0
DA:60,0
DA:61,0
DA:65,0
DA:66,0
DA:68,0
DA:71,0
DA:72,0
DA:74,0
DA:78,0
DA:79,0
DA:82,0
DA:83,0
DA:84,0
DA:87,0
DA:88,0
DA:89,0
DA:93,0
DA:94,0
DA:97,0
DA:98,0
DA:100,0
DA:102,0
DA:104,0
DA:110,0
DA:113,0
DA:114,0
DA:115,0
DA:116,0
DA:117,0
DA:118,0
DA:119,0
DA:120,0
DA:121,0
DA:124,0
DA:125,0
DA:129,0
DA:130,0
DA:131,0
DA:132,0
DA:133,0
DA:134,0
DA:138,0
DA:229,0
DA:278,0
DA:329,0
DA:337,0
LF:71
LH:0
BRDA:42,0,0,0
BRDA:42,1,0,0
BRDA:42,2,0,0
BRDA:50,3,0,0
BRDA:57,4,0,0
BRDA:57,4,1,0
BRDA:59,5,0,0
BRDA:68,6,0,0
BRDA:68,6,1,0
BRDA:93,7,0,0
BRDA:100,8,0,0
BRDA:108,9,0,0
BRDA:108,9,1,0
BRDA:130,10,0,0
BRDA:130,10,1,0
BRDA:130,10,2,0
BRDA:130,10,3,0
BRDA:138,11,0,0
BRDA:138,12,0,0
BRDA:138,12,1,0
BRDA:167,13,0,0
BRDA:190,14,0,0
BRDA:190,14,1,0
BRDA:200,15,0,0
BRDA:200,15,1,0
BRDA:210,16,0,0
BRDA:210,16,1,0
BRDA:269,17,0,0
BRDA:276,18,0,0
BRDA:275,19,0,0
BRDA:275,19,1,0
BRDA:298,20,0,0
BRDA:317,21,0,0
BRDA:317,21,1,0
BRF:34
BRH:0
end_of_record
TN:
SF:app/admin/payments/page.tsx
FN:20,PaymentsPage
FN:26,(anonymous_2)
FN:29,(anonymous_3)
FN:32,(anonymous_4)
FN:95,(anonymous_5)
FN:138,(anonymous_6)
FN:147,(anonymous_7)
FNF:7
FNH:0
FNDA:0,PaymentsPage
FNDA:0,(anonymous_2)
FNDA:0,(anonymous_3)
FNDA:0,(anonymous_4)
FNDA:0,(anonymous_5)
FNDA:0,(anonymous_6)
FNDA:0,(anonymous_7)
DA:3,0
DA:4,0
DA:5,0
DA:6,0
DA:7,0
DA:8,0
DA:9,0
DA:10,0
DA:18,0
DA:20,0
DA:21,0
DA:22,0
DA:23,0
DA:24,0
DA:26,0
DA:27,0
DA:29,0
DA:32,0
DA:34,0
DA:95,0
DA:138,0
DA:148,0
DA:149,0
DA:150,0
LF:24
LH:0
BRDA:60,0,0,0
BRDA:60,0,1,0
BRF:2
BRH:0
end_of_record
TN:
SF:app/admin/registrations/page.tsx
FN:22,RegistrationsPage
FN:29,(anonymous_2)
FN:32,(anonymous_3)
FN:35,(anonymous_4)
FN:40,(anonymous_5)
FN:103,(anonymous_6)
FNF:6
FNH:0
FNDA:0,RegistrationsPage
FNDA:0,(anonymous_2)
FNDA:0,(anonymous_3)
FNDA:0,(anonymous_4)
FNDA:0,(anonymous_5)
FNDA:0,(anonymous_6)
DA:3,0
DA:5,0
DA:6,0
DA:7,0
DA:8,0
DA:9,0
DA:10,0
DA:11,0
DA:20,0
DA:22,0
DA:23,0
DA:24,0
DA:25,0
DA:26,0
DA:27,0
DA:29,0
DA:30,0
DA:32,0
DA:35,0
DA:37,0
DA:40,0
DA:42,0
DA:103,0
LF:23
LH:0
BRDA:68,0,0,0
BRDA:68,0,1,0
BRDA:143,1,0,0
BRF:3
BRH:0
end_of_record
TN:
SF:app/api/admin/accept-registration/route.ts
FN:7,POST
FN:51,(anonymous_6)
FNF:2
FNH:0
FNDA:0,POST
FNDA:0,(anonymous_6)
DA:1,0
DA:2,0
DA:3,0
DA:4,0
DA:5,0
DA:7,0
DA:8,0
DA:9,0
DA:11,0
DA:12,0
DA:18,0
DA:20,0
DA:21,0
DA:22,0
DA:28,0
DA:29,0
DA:31,0
DA:32,0
DA:33,0
DA:40,0
DA:47,0
DA:50,0
DA:51,0
DA:52,0
DA:61,0
DA:65,0
DA:71,0
DA:72,0
LF:28
LH:0
BRDA:11,0,0,0
BRDA:21,1,0,0
BRDA:21,2,0,0
BRDA:21,2,1,0
BRDA:32,3,0,0
BRDA:43,4,0,0
BRDA:43,4,1,0
BRDA:75,5,0,0
BRDA:75,5,1,0
BRF:9
BRH:0
end_of_record
TN:
SF:app/api/admin/bulk-email/route.ts
FN:8,POST
FN:49,(anonymous_3)
FN:74,(anonymous_4)
FNF:3
FNH:0
FNDA:0,POST
FNDA:0,(anonymous_3)
FNDA:0,(anonymous_4)
DA:1,0
DA:2,0
DA:3,0
DA:4,0
DA:5,0
DA:6,0
DA:8,0
DA:9,0
DA:10,0
DA:13,0
DA:14,0
DA:20,0
DA:22,0
DA:23,0
DA:24,0
DA:30,0
DA:31,0
DA:33,0
DA:34,0
DA:40,0
DA:41,0
DA:48,0
DA:49,0
DA:51,0
DA:52,0
DA:59,0
DA:66,0
DA:68,0
DA:69,0
DA:70,0
DA:71,0
DA:73,0
DA:74,0
DA:75,0
DA:76,0
DA:78,0
DA:79,0
DA:80,0
DA:85,0
DA:88,0
DA:96,0
DA:106,0
DA:107,0
LF:43
LH:0
BRDA:13,0,0,0
BRDA:23,1,0,0
BRDA:23,2,0,0
BRDA:23,2,1,0
BRDA:33,3,0,0
BRDA:33,4,0,0
BRDA:33,4,1,0
BRDA:40,5,0,0
BRDA:40,6,0,0
BRDA:40,6,1,0
BRDA:40,6,2,0
BRDA:51,7,0,0
BRDA:63,8,0,0
BRDA:63,8,1,0
BRDA:66,9,0,0
BRDA:66,9,1,0
BRDA:73,10,0,0
BRDA:73,10,1,0
BRDA:75,11,0,0
BRDA:75,11,1,0
BRDA:75,12,0,0
BRDA:75,12,1,0
BRDA:79,13,0,0
BRDA:79,14,0,0
BRDA:79,14,1,0
BRDA:80,15,0,0
BRDA:80,15,1,0
BRDA:80,15,2,0
BRDA:98,16,0,0
BRDA:98,16,1,0
BRDA:101,17,0,0
BRDA:101,17,1,0
BRDA:110,18,0,0
BRDA:110,18,1,0
BRF:34
BRH:0
end_of_record
TN:
SF:app/api/admin/config/accompanying-person/route.ts
FN:8,GET
FN:59,PUT
FN:108,(anonymous_6)
FNF:3
FNH:0
FNDA:0,GET
FNDA:0,PUT
FNDA:0,(anonymous_6)
DA:1,0
DA:2,0
DA:3,0
DA:4,0
DA:5,0
DA:6,0
DA:8,0
DA:9,0
DA:10,0
DA:12,0
DA:13,0
DA:19,0
DA:21,0
DA:22,0
DA:23,0
DA:29,0
DA:35,0
DA:51,0
DA:52,0
DA:59,0
DA:60,0
DA:61,0
DA:63,0
DA:64,0
DA:70,0
DA:72,0
DA:73,0
DA:74,0
DA:80,0
DA:83,0
DA:84,0
DA:91,0
DA:92,0
DA:93,0
DA:94,0
DA:101,0
DA:108,0
DA:120,0
DA:126,0
DA:132,0
DA:133,0
LF:41
LH:0
BRDA:12,0,0,0
BRDA:22,1,0,0
BRDA:22,2,0,0
BRDA:22,2,1,0
BRDA:37,3,0,0
BRDA:37,3,1,0
BRDA:63,4,0,0
BRDA:73,5,0,0
BRDA:73,6,0,0
BRDA:73,6,1,0
BRDA:83,7,0,0
BRDA:83,8,0,0
BRDA:83,8,1,0
BRDA:83,8,2,0
BRDA:93,9,0,0
BRDA:113,10,0,0
BRDA:113,10,1,0
BRF:17
BRH:0
end_of_record
TN:
SF:app/api/admin/config/discounts/route.ts
FN:8,GET
FN:77,PUT
FNF:2
FNH:0
FNDA:0,GET
FNDA:0,PUT
DA:1,0
DA:2,0
DA:3,0
DA:4,0
DA:5,0
DA:6,0
DA:8,0
DA:9,0
DA:10,0
DA:12,0
DA:13,0
DA:19,0
DA:21,0
DA:22,0
DA:23,0
DA:30,0
DA:36,0
DA:60,0
DA:62,0
DA:68,0
DA:69,0
DA:77,0
DA:78,0
DA:79,0
DA:81,0
DA:82,0
DA:88,0
DA:90,0
DA:91,0
DA:92,0
DA:98,0
DA:101,0
DA:114,0
DA:120,0
DA:121,0
LF:35
LH:0
BRDA:12,0,0,0
BRDA:22,1,0,0
BRDA:22,2,0,0
BRDA:22,2,1,0
BRDA:60,3,0,0
BRDA:60,3,1,0
BRDA:72,4,0,0
BRDA:72,4,1,0
BRDA:81,5,0,0
BRDA:91,6,0,0
BRDA:91,7,0,0
BRDA:91,7,1,0
BRDA:124,8,0,0
BRDA:124,8,1,0
BRF:14
BRH:0
end_of_record
TN:
SF:app/api/admin/config/email/route.ts
FN:8,GET
FN:81,PUT
FNF:2
FNH:0
FNDA:0,GET
FNDA:0,PUT
DA:1,0
DA:2,0
DA:3,0
DA:4,0
DA:5,0
DA:6,0
DA:8,0
DA:9,0
DA:10,0
DA:12,0
DA:13,0
DA:19,0
DA:21,0
DA:22,0
DA:23,0
DA:30,0
DA:36,0
DA:64,0
DA:66,0
DA:72,0
DA:73,0
DA:81,0
DA:82,0
DA:83,0
DA:85,0
DA:86,0
DA:92,0
DA:94,0
DA:95,0
DA:96,0
DA:102,0
DA:105,0
DA:118,0
DA:124,0
DA:125,0
LF:35
LH:0
BRDA:12,0,0,0
BRDA:22,1,0,0
BRDA:22,2,0,0
BRDA:22,2,1,0
BRDA:37,3,0,0
BRDA:37,3,1,0
BRDA:38,4,0,0
BRDA:38,4,1,0
BRDA:39,5,0,0
BRDA:39,5,1,0
BRDA:64,6,0,0
BRDA:64,6,1,0
BRDA:76,7,0,0
BRDA:76,7,1,0
BRDA:85,8,0,0
BRDA:95,9,0,0
BRDA:95,10,0,0
BRDA:95,10,1,0
BRDA:128,11,0,0
BRDA:128,11,1,0
BRF:20
BRH:0
end_of_record
TN:
SF:app/api/admin/config/pricing/route.ts
FN:8,GET
FN:77,PUT
FNF:2
FNH:0
FNDA:0,GET
FNDA:0,PUT
DA:1,0
DA:2,0
DA:3,0
DA:4,0
DA:5,0
DA:6,0
DA:8,0
DA:9,0
DA:10,0
DA:12,0
DA:13,0
DA:19,0
DA:21,0
DA:22,0
DA:23,0
DA:30,0
DA:35,0
DA:41,0
DA:57,0
DA:62,0
DA:68,0
DA:69,0
DA:77,0
DA:78,0
DA:79,0
DA:81,0
DA:82,0
DA:88,0
DA:90,0
DA:91,0
DA:92,0
DA:98,0
DA:99,0
DA:102,0
DA:116,0
DA:129,0
DA:135,0
DA:136,0
LF:38
LH:0
BRDA:12,0,0,0
BRDA:22,1,0,0
BRDA:22,2,0,0
BRDA:22,2,1,0
BRDA:58,3,0,0
BRDA:58,3,1,0
BRDA:59,4,0,0
BRDA:59,4,1,0
BRDA:72,5,0,0
BRDA:72,5,1,0
BRDA:81,6,0,0
BRDA:91,7,0,0
BRDA:91,8,0,0
BRDA:91,8,1,0
BRDA:139,9,0,0
BRDA:139,9,1,0
BRF:16
BRH:0
end_of_record
TN:
SF:app/api/admin/config/pricing-tiers/route.ts
FN:8,GET
FN:102,PUT
FNF:2
FNH:0
FNDA:0,GET
FNDA:0,PUT
DA:1,0
DA:2,0
DA:3,0
DA:4,0
DA:5,0
DA:6,0
DA:8,0
DA:9,0
DA:10,0
DA:12,0
DA:13,0
DA:19,0
DA:21,0
DA:22,0
DA:23,0
DA:30,0
DA:36,0
DA:38,0
DA:81,0
DA:87,0
DA:93,0
DA:94,0
DA:102,0
DA:103,0
DA:104,0
DA:106,0
DA:107,0
DA:113,0
DA:115,0
DA:116,0
DA:117,0
DA:123,0
DA:124,0
DA:127,0
DA:128,0
DA:135,0
DA:136,0
DA:137,0
DA:138,0
DA:145,0
DA:146,0
DA:147,0
DA:151,0
DA:160,0
DA:178,0
DA:184,0
DA:185,0
LF:47
LH:0
BRDA:12,0,0,0
BRDA:22,1,0,0
BRDA:22,2,0,0
BRDA:22,2,1,0
BRDA:36,3,0,0
BRDA:97,4,0,0
BRDA:97,4,1,0
BRDA:106,5,0,0
BRDA:116,6,0,0
BRDA:116,7,0,0
BRDA:116,7,1,0
BRDA:127,8,0,0
BRDA:127,9,0,0
BRDA:127,9,1,0
BRDA:127,9,2,0
BRDA:135,10,0,0
BRDA:135,10,1,0
BRDA:137,11,0,0
BRDA:137,12,0,0
BRDA:137,12,1,0
BRDA:137,12,2,0
BRDA:137,12,3,0
BRDA:147,13,0,0
BRDA:147,14,0,0
BRDA:147,14,1,0
BRDA:147,14,2,0
BRDA:147,14,3,0
BRDA:166,15,0,0
BRDA:166,15,1,0
BRDA:188,16,0,0
BRDA:188,16,1,0
BRF:31
BRH:0
end_of_record
TN:
SF:app/api/admin/dashboard/route.ts
FN:8,GET
FN:48,(anonymous_3)
FN:59,(anonymous_4)
FN:69,(anonymous_5)
FN:71,(anonymous_6)
FN:79,(anonymous_7)
FN:80,(anonymous_8)
FN:84,(anonymous_9)
FN:95,(anonymous_10)
FNF:9
FNH:0
FNDA:0,GET
FNDA:0,(anonymous_3)
FNDA:0,(anonymous_4)
FNDA:0,(anonymous_5)
FNDA:0,(anonymous_6)
FNDA:0,(anonymous_7)
FNDA:0,(anonymous_8)
FNDA:0,(anonymous_9)
FNDA:0,(anonymous_10)
DA:1,0
DA:2,0
DA:3,0
DA:4,0
DA:5,0
DA:6,0
DA:8,0
DA:9,0
DA:10,0
DA:13,0
DA:14,0
DA:20,0
DA:22,0
DA:23,0
DA:24,0
DA:37,0
DA:48,0
DA:49,0
DA:52,0
DA:59,0
DA:60,0
DA:61,0
DA:66,0
DA:67,0
DA:69,0
DA:70,0
DA:71,0
DA:72,0
DA:73,0
DA:78,0
DA:79,0
DA:80,0
DA:84,0
DA:85,0
DA:89,0
DA:95,0
DA:105,0
DA:121,0
DA:127,0
DA:128,0
LF:40
LH:0
BRDA:13,0,0,0
BRDA:23,1,0,0
BRDA:23,2,0,0
BRDA:23,2,1,0
BRDA:49,3,0,0
BRDA:49,3,1,0
BRDA:60,4,0,0
BRDA:70,5,0,0
BRDA:70,6,0,0
BRDA:70,6,1,0
BRDA:72,7,0,0
BRDA:72,7,1,0
BRDA:85,8,0,0
BRDA:85,8,1,0
BRDA:98,9,0,0
BRDA:98,9,1,0
BRDA:131,10,0,0
BRDA:131,10,1,0
BRF:18
BRH:0
end_of_record
TN:
SF:app/api/admin/discounts/route.ts
FN:7,GET
FN:52,POST
FN:103,(anonymous_7)
FN:128,DELETE
FN:174,(anonymous_9)
FNF:5
FNH:0
FNDA:0,GET
FNDA:0,POST
FNDA:0,(anonymous_7)
FNDA:0,DELETE
FNDA:0,(anonymous_9)
DA:1,0
DA:2,0
DA:3,0
DA:4,0
DA:5,0
DA:7,0
DA:8,0
DA:9,0
DA:11,0
DA:12,0
DA:18,0
DA:21,0
DA:22,0
DA:23,0
DA:30,0
DA:36,0
DA:38,0
DA:44,0
DA:45,0
DA:52,0
DA:53,0
DA:54,0
DA:56,0
DA:57,0
DA:63,0
DA:66,0
DA:67,0
DA:68,0
DA:74,0
DA:75,0
DA:78,0
DA:79,0
DA:86,0
DA:91,0
DA:93,0
DA:103,0
DA:105,0
DA:106,0
DA:108,0
DA:111,0
DA:113,0
DA:120,0
DA:121,0
DA:128,0
DA:129,0
DA:130,0
DA:132,0
DA:133,0
DA:139,0
DA:142,0
DA:143,0
DA:144,0
DA:150,0
DA:151,0
DA:153,0
DA:154,0
DA:161,0
DA:166,0
DA:167,0
DA:174,0
DA:175,0
DA:177,0
DA:183,0
DA:184,0
LF:64
LH:0
BRDA:11,0,0,0
BRDA:22,1,0,0
BRDA:22,2,0,0
BRDA:22,2,1,0
BRDA:36,3,0,0
BRDA:36,3,1,0
BRDA:56,4,0,0
BRDA:67,5,0,0
BRDA:67,6,0,0
BRDA:67,6,1,0
BRDA:78,7,0,0
BRDA:78,8,0,0
BRDA:78,8,1,0
BRDA:78,8,2,0
BRDA:78,8,3,0
BRDA:91,9,0,0
BRDA:105,10,0,0
BRDA:105,10,1,0
BRDA:132,11,0,0
BRDA:143,12,0,0
BRDA:143,13,0,0
BRDA:143,13,1,0
BRDA:153,14,0,0
BRDA:166,15,0,0
BRF:24
BRH:0
end_of_record
TN:
SF:app/api/admin/export/payments/route.ts
FN:8,GET
FN:70,(anonymous_3)
FN:83,(anonymous_4)
FN:84,(anonymous_5)
FN:95,(anonymous_6)
FN:96,(anonymous_7)
FNF:6
FNH:0
FNDA:0,GET
FNDA:0,(anonymous_3)
FNDA:0,(anonymous_4)
FNDA:0,(anonymous_5)
FNDA:0,(anonymous_6)
FNDA:0,(anonymous_7)
DA:1,0
DA:2,0
DA:3,0
DA:4,0
DA:5,0
DA:6,0
DA:8,0
DA:9,0
DA:10,0
DA:12,0
DA:13,0
DA:19,0
DA:21,0
DA:22,0
DA:23,0
DA:30,0
DA:48,0
DA:70,0
DA:83,0
DA:84,0
DA:93,0
DA:96,0
DA:97,0
DA:105,0
DA:114,0
DA:115,0
LF:26
LH:0
BRDA:12,0,0,0
BRDA:22,1,0,0
BRDA:22,2,0,0
BRDA:22,2,1,0
BRDA:73,3,0,0
BRDA:73,3,1,0
BRDA:75,4,0,0
BRDA:75,4,1,0
BRDA:79,5,0,0
BRDA:79,5,1,0
BRDA:80,6,0,0
BRDA:80,6,1,0
BRDA:81,7,0,0
BRDA:81,7,1,0
BRDA:82,8,0,0
BRDA:82,8,1,0
BRDA:83,9,0,0
BRDA:83,9,1,0
BRDA:84,10,0,0
BRDA:84,10,1,0
BRDA:84,11,0,0
BRDA:84,11,1,0
BRDA:89,12,0,0
BRDA:89,12,1,0
BRDA:97,13,0,0
BRDA:97,13,1,0
BRDA:97,14,0,0
BRDA:97,14,1,0
BRDA:97,14,2,0
BRDA:97,14,3,0
BRDA:118,15,0,0
BRDA:118,15,1,0
BRF:32
BRH:0
end_of_record
TN:
SF:app/api/admin/export/registrations/route.ts
FN:7,GET
FN:51,(anonymous_3)
FN:72,(anonymous_4)
FN:73,(anonymous_5)
FNF:4
FNH:0
FNDA:0,GET
FNDA:0,(anonymous_3)
FNDA:0,(anonymous_4)
FNDA:0,(anonymous_5)
DA:1,0
DA:2,0
DA:3,0
DA:4,0
DA:5,0
DA:7,0
DA:8,0
DA:9,0
DA:11,0
DA:12,0
DA:18,0
DA:20,0
DA:21,0
DA:22,0
DA:29,0
DA:34,0
DA:51,0
DA:70,0
DA:73,0
DA:74,0
DA:82,0
DA:91,0
DA:92,0
LF:23
LH:0
BRDA:11,0,0,0
BRDA:21,1,0,0
BRDA:21,2,0,0
BRDA:21,2,1,0
BRDA:53,3,0,0
BRDA:53,3,1,0
BRDA:55,4,0,0
BRDA:55,4,1,0
BRDA:56,5,0,0
BRDA:56,5,1,0
BRDA:59,6,0,0
BRDA:59,6,1,0
BRDA:60,7,0,0
BRDA:60,7,1,0
BRDA:62,8,0,0
BRDA:62,8,1,0
BRDA:63,9,0,0
BRDA:63,9,1,0
BRDA:64,10,0,0
BRDA:64,10,1,0
BRDA:64,11,0,0
BRDA:64,11,1,0
BRDA:64,12,0,0
BRDA:64,12,1,0
BRDA:64,13,0,0
BRDA:64,13,1,0
BRDA:65,14,0,0
BRDA:65,14,1,0
BRDA:66,15,0,0
BRDA:66,15,1,0
BRDA:74,16,0,0
BRDA:74,16,1,0
BRDA:74,17,0,0
BRDA:74,17,1,0
BRDA:74,17,2,0
BRDA:74,17,3,0
BRDA:95,18,0,0
BRDA:95,18,1,0
BRF:38
BRH:0
end_of_record
TN:
SF:app/api/admin/payments/route.ts
FN:8,GET
FN:79,(anonymous_3)
FNF:2
FNH:0
FNDA:0,GET
FNDA:0,(anonymous_3)
DA:1,0
DA:2,0
DA:3,0
DA:4,0
DA:5,0
DA:6,0
DA:8,0
DA:9,0
DA:10,0
DA:13,0
DA:14,0
DA:20,0
DA:22,0
DA:23,0
DA:24,0
DA:31,0
DA:79,0
DA:87,0
DA:93,0
DA:94,0
LF:20
LH:0
BRDA:13,0,0,0
BRDA:23,1,0,0
BRDA:23,2,0,0
BRDA:23,2,1,0
BRDA:97,3,0,0
BRDA:97,3,1,0
BRF:6
BRH:0
end_of_record
TN:
SF:app/api/admin/promote/route.ts
FN:5,POST
FNF:1
FNH:0
FNDA:0,POST
DA:1,0
DA:2,0
DA:3,0
DA:5,0
DA:6,0
DA:7,0
DA:8,0
DA:11,0
DA:12,0
DA:18,0
DA:19,0
DA:25,0
DA:28,0
DA:33,0
DA:34,0
DA:41,0
DA:42,0
DA:44,0
DA:56,0
DA:57,0
LF:20
LH:0
BRDA:11,0,0,0
BRDA:18,1,0,0
BRDA:33,2,0,0
BRF:3
BRH:0
end_of_record
TN:
SF:app/api/admin/recipients/route.ts
FN:7,GET
FN:34,(anonymous_3)
FNF:2
FNH:0
FNDA:0,GET
FNDA:0,(anonymous_3)
DA:1,0
DA:2,0
DA:3,0
DA:4,0
DA:5,0
DA:7,0
DA:8,0
DA:9,0
DA:12,0
DA:13,0
DA:19,0
DA:21,0
DA:22,0
DA:23,0
DA:30,0
DA:34,0
DA:42,0
DA:48,0
DA:49,0
LF:19
LH:0
BRDA:12,0,0,0
BRDA:22,1,0,0
BRDA:22,2,0,0
BRDA:22,2,1,0
BRDA:37,3,0,0
BRDA:37,3,1,0
BRDA:52,4,0,0
BRDA:52,4,1,0
BRF:8
BRH:0
end_of_record
TN:
SF:app/api/admin/registrations/route.ts
FN:7,GET
FN:35,(anonymous_3)
FNF:2
FNH:0
FNDA:0,GET
FNDA:0,(anonymous_3)
DA:1,0
DA:2,0
DA:3,0
DA:4,0
DA:5,0
DA:7,0
DA:8,0
DA:9,0
DA:12,0
DA:13,0
DA:19,0
DA:21,0
DA:22,0
DA:23,0
DA:30,0
DA:35,0
DA:49,0
DA:55,0
DA:56,0
LF:19
LH:0
BRDA:12,0,0,0
BRDA:22,1,0,0
BRDA:22,2,0,0
BRDA:22,2,1,0
BRDA:41,3,0,0
BRDA:41,3,1,0
BRDA:42,4,0,0
BRDA:42,4,1,0
BRDA:43,5,0,0
BRDA:43,5,1,0
BRDA:44,6,0,0
BRDA:44,6,1,0
BRDA:59,7,0,0
BRDA:59,7,1,0
BRF:14
BRH:0
end_of_record
TN:
SF:app/api/admin/registrations/[id]/route.ts
FN:8,PUT
FN:78,DELETE
FNF:2
FNH:0
FNDA:0,PUT
FNDA:0,DELETE
DA:1,0
DA:2,0
DA:3,0
DA:4,0
DA:5,0
DA:6,0
DA:8,0
DA:12,0
DA:13,0
DA:15,0
DA:16,0
DA:22,0
DA:24,0
DA:25,0
DA:26,0
DA:32,0
DA:33,0
DA:35,0
DA:43,0
DA:44,0
DA:45,0
DA:46,0
DA:49,0
DA:55,0
DA:56,0
DA:62,0
DA:69,0
DA:70,0
DA:78,0
DA:82,0
DA:83,0
DA:85,0
DA:86,0
DA:92,0
DA:94,0
DA:95,0
DA:96,0
DA:103,0
DA:104,0
DA:105,0
DA:112,0
DA:115,0
DA:117,0
DA:123,0
DA:124,0
LF:45
LH:0
BRDA:15,0,0,0
BRDA:25,1,0,0
BRDA:25,2,0,0
BRDA:25,2,1,0
BRDA:39,3,0,0
BRDA:39,3,1,0
BRDA:43,4,0,0
BRDA:43,5,0,0
BRDA:43,5,1,0
BRDA:45,6,0,0
BRDA:45,6,1,0
BRDA:46,7,0,0
BRDA:46,7,1,0
BRDA:55,8,0,0
BRDA:73,9,0,0
BRDA:73,9,1,0
BRDA:85,10,0,0
BRDA:95,11,0,0
BRDA:95,12,0,0
BRDA:95,12,1,0
BRDA:104,13,0,0
BRDA:127,14,0,0
BRDA:127,14,1,0
BRF:23
BRH:0
end_of_record
TN:
SF:app/api/admin/seed/route.ts
FN:4,POST
FNF:1
FNH:0
FNDA:0,POST
DA:1,0
DA:2,0
DA:4,0
DA:5,0
DA:9,0
DA:11,0
DA:12,0
DA:17,0
DA:23,0
DA:24,0
LF:10
LH:0
BRDA:11,0,0,0
BRDA:11,0,1,0
BRDA:27,1,0,0
BRDA:27,1,1,0
BRF:4
BRH:0
end_of_record
TN:
SF:app/api/admin/workshops/route.ts
FN:8,GET
FN:48,POST
FN:165,PUT
FNF:3
FNH:0
FNDA:0,GET
FNDA:0,POST
FNDA:0,PUT
DA:1,0
DA:2,0
DA:3,0
DA:4,0
DA:5,0
DA:6,0
DA:8,0
DA:9,0
DA:10,0
DA:12,0
DA:13,0
DA:19,0
DA:21,0
DA:22,0
DA:23,0
DA:29,0
DA:33,0
DA:39,0
DA:40,0
DA:48,0
DA:49,0
DA:50,0
DA:52,0
DA:53,0
DA:59,0
DA:61,0
DA:62,0
DA:63,0
DA:69,0
DA:87,0
DA:90,0
DA:93,0
DA:100,0
DA:101,0
DA:102,0
DA:104,0
DA:105,0
DA:111,0
DA:112,0
DA:119,0
DA:120,0
DA:121,0
DA:127,0
DA:147,0
DA:149,0
DA:156,0
DA:157,0
DA:165,0
DA:166,0
DA:167,0
DA:169,0
DA:170,0
DA:176,0
DA:178,0
DA:179,0
DA:180,0
DA:186,0
DA:187,0
DA:189,0
DA:190,0
DA:197,0
DA:198,0
DA:199,0
DA:201,0
DA:202,0
DA:209,0
DA:218,0
DA:219,0
DA:225,0
DA:232,0
DA:233,0
LF:71
LH:0
BRDA:12,0,0,0
BRDA:22,1,0,0
BRDA:22,2,0,0
BRDA:22,2,1,0
BRDA:43,3,0,0
BRDA:43,3,1,0
BRDA:52,4,0,0
BRDA:62,5,0,0
BRDA:62,6,0,0
BRDA:62,6,1,0
BRDA:90,7,0,0
BRDA:90,8,0,0
BRDA:90,8,1,0
BRDA:90,8,2,0
BRDA:90,8,3,0
BRDA:90,8,4,0
BRDA:90,8,5,0
BRDA:90,8,6,0
BRDA:90,8,7,0
BRDA:90,8,8,0
BRDA:90,8,9,0
BRDA:90,8,10,0
BRDA:90,8,11,0
BRDA:104,9,0,0
BRDA:111,10,0,0
BRDA:120,11,0,0
BRDA:134,12,0,0
BRDA:134,12,1,0
BRDA:142,13,0,0
BRDA:142,13,1,0
BRDA:143,14,0,0
BRDA:143,14,1,0
BRDA:160,15,0,0
BRDA:160,15,1,0
BRDA:169,16,0,0
BRDA:179,17,0,0
BRDA:179,18,0,0
BRDA:179,18,1,0
BRDA:189,19,0,0
BRDA:197,20,0,0
BRDA:197,21,0,0
BRDA:197,21,1,0
BRDA:201,22,0,0
BRDA:218,23,0,0
BRDA:236,24,0,0
BRDA:236,24,1,0
BRF:46
BRH:0
end_of_record
TN:
SF:app/api/auth/[...nextauth]/route.ts
FNF:0
FNH:0
DA:1,0
DA:2,0
DA:4,0
DA:5,0
LF:4
LH:0
BRF:0
BRH:0
end_of_record
TN:
SF:app/api/auth/check-email/route.ts
FN:5,POST
FNF:1
FNH:0
FNDA:0,POST
DA:1,0
DA:2,0
DA:3,0
DA:5,0
DA:6,0
DA:8,0
DA:9,0
DA:11,0
DA:12,0
DA:18,0
DA:20,0
DA:22,0
DA:23,0
DA:24,0
DA:31,0
DA:32,0
DA:33,0
DA:34,0
DA:40,0
DA:43,0
DA:47,0
DA:49,0
DA:56,0
DA:57,0
LF:24
LH:0
BRDA:22,0,0,0
BRDA:32,1,0,0
BRDA:52,2,0,0
BRDA:52,2,1,0
BRF:4
BRH:0
end_of_record
TN:
SF:app/api/auth/forgot-password/route.ts
FN:7,POST
FNF:1
FNH:0
FNDA:0,POST
DA:1,0
DA:2,0
DA:3,0
DA:4,0
DA:5,0
DA:7,0
DA:8,0
DA:9,0
DA:11,0
DA:12,0
DA:18,0
DA:21,0
DA:23,0
DA:25,0
DA:32,0
DA:39,0
DA:42,0
DA:43,0
DA:50,0
DA:55,0
DA:56,0
DA:63,0
DA:64,0
LF:23
LH:0
BRDA:11,0,0,0
BRDA:23,1,0,0
BRDA:39,2,0,0
BRDA:39,2,1,0
BRDA:45,3,0,0
BRDA:45,3,1,0
BRF:6
BRH:0
end_of_record
TN:
SF:app/api/auth/register/route.ts
FN:8,POST
FNF:1
FNH:0
FNDA:0,POST
DA:1,0
DA:2,0
DA:3,0
DA:4,0
DA:5,0
DA:6,0
DA:8,0
DA:9,0
DA:10,0
DA:16,0
DA:19,0
DA:20,0
DA:27,0
DA:28,0
DA:29,0
DA:36,0
DA:37,0
DA:43,0
DA:44,0
DA:47,0
DA:51,0
DA:52,0
DA:59,0
DA:62,0
DA:63,0
DA:64,0
DA:66,0
DA:67,0
DA:70,0
DA:71,0
DA:73,0
DA:74,0
DA:78,0
DA:79,0
DA:86,0
DA:92,0
DA:125,0
DA:132,0
DA:133,0
DA:142,0
DA:146,0
DA:158,0
DA:161,0
DA:162,0
DA:163,0
DA:169,0
DA:170,0
DA:177,0
LF:48
LH:0
BRDA:19,0,0,0
BRDA:19,1,0,0
BRDA:19,1,1,0
BRDA:19,1,2,0
BRDA:19,1,3,0
BRDA:28,2,0,0
BRDA:36,3,0,0
BRDA:51,4,0,0
BRDA:66,5,0,0
BRDA:66,5,1,0
BRDA:70,6,0,0
BRDA:70,6,1,0
BRDA:78,7,0,0
BRDA:103,8,0,0
BRDA:103,8,1,0
BRDA:104,9,0,0
BRDA:104,9,1,0
BRDA:105,10,0,0
BRDA:105,10,1,0
BRDA:106,11,0,0
BRDA:106,11,1,0
BRDA:107,12,0,0
BRDA:107,12,1,0
BRDA:109,13,0,0
BRDA:109,13,1,0
BRDA:110,14,0,0
BRDA:110,14,1,0
BRDA:114,15,0,0
BRDA:114,15,1,0
BRDA:116,16,0,0
BRDA:116,16,1,0
BRDA:117,17,0,0
BRDA:117,17,1,0
BRDA:118,18,0,0
BRDA:118,18,1,0
BRDA:138,19,0,0
BRDA:138,19,1,0
BRDA:139,20,0,0
BRDA:139,20,1,0
BRDA:161,21,0,0
BRDA:162,22,0,0
BRDA:162,23,0,0
BRDA:162,23,1,0
BRDA:169,24,0,0
BRDA:180,25,0,0
BRDA:180,25,1,0
BRF:46
BRH:0
end_of_record
TN:
SF:app/api/auth/reset-password/route.ts
FN:7,POST
FNF:1
FNH:0
FNDA:0,POST
DA:1,0
DA:2,0
DA:3,0
DA:4,0
DA:5,0
DA:7,0
DA:8,0
DA:9,0
DA:11,0
DA:12,0
DA:18,0
DA:19,0
DA:27,0
DA:28,0
DA:30,0
DA:36,0
DA:39,0
DA:40,0
DA:41,0
DA:47,0
DA:48,0
DA:55,0
DA:58,0
DA:59,0
DA:61,0
DA:67,0
DA:68,0
LF:27
LH:0
BRDA:11,0,0,0
BRDA:11,1,0,0
BRDA:11,1,1,0
BRDA:18,2,0,0
BRDA:40,3,0,0
BRDA:47,4,0,0
BRF:6
BRH:0
end_of_record
TN:
SF:app/api/config/pricing/route.ts
FN:4,GET
FNF:1
FNH:0
FNDA:0,GET
DA:1,0
DA:2,0
DA:4,0
DA:5,0
DA:6,0
DA:12,0
DA:21,0
DA:22,0
LF:8
LH:0
BRDA:25,0,0,0
BRDA:25,0,1,0
BRF:2
BRH:0
end_of_record
TN:
SF:app/api/contact/route.ts
FN:7,POST
FN:24,(anonymous_5)
FN:67,GET
FN:98,(anonymous_7)
FNF:4
FNH:0
FNDA:0,POST
FNDA:0,(anonymous_5)
FNDA:0,GET
FNDA:0,(anonymous_7)
DA:1,0
DA:3,0
DA:4,0
DA:5,0
DA:7,0
DA:8,0
DA:9,0
DA:11,0
DA:14,0
DA:17,0
DA:18,0
DA:19,0
DA:20,0
DA:24,0
DA:30,0
DA:33,0
DA:43,0
DA:48,0
DA:55,0
DA:56,0
DA:67,0
DA:68,0
DA:69,0
DA:71,0
DA:72,0
DA:73,0
DA:74,0
DA:75,0
DA:78,0
DA:79,0
DA:80,0
DA:84,0
DA:94,0
DA:98,0
DA:99,0
DA:100,0
DA:103,0
DA:121,0
DA:122,0
LF:39
LH:0
BRDA:18,0,0,0
BRDA:36,1,0,0
BRDA:36,1,1,0
BRDA:73,2,0,0
BRDA:73,2,1,0
BRDA:74,3,0,0
BRDA:74,3,1,0
BRDA:79,4,0,0
BRDA:79,5,0,0
BRDA:79,5,1,0
BRF:10
BRH:0
end_of_record
TN:
SF:app/api/debug/session/route.ts
FN:6,GET
FN:21,(anonymous_2)
FN:40,(anonymous_3)
FN:92,(anonymous_4)
FN:97,(anonymous_5)
FN:98,(anonymous_6)
FN:99,(anonymous_7)
FNF:7
FNH:0
FNDA:0,GET
FNDA:0,(anonymous_2)
FNDA:0,(anonymous_3)
FNDA:0,(anonymous_4)
FNDA:0,(anonymous_5)
FNDA:0,(anonymous_6)
FNDA:0,(anonymous_7)
DA:1,0
DA:2,0
DA:3,0
DA:4,0
DA:6,0
DA:7,0
DA:9,0
DA:12,0
DA:20,0
DA:21,0
DA:22,0
DA:26,0
DA:40,0
DA:41,0
DA:42,0
DA:43,0
DA:45,0
DA:46,0
DA:47,0
DA:48,0
DA:56,0
DA:60,0
DA:69,0
DA:92,0
DA:97,0
DA:98,0
DA:99,0
DA:103,0
DA:104,0
LF:29
LH:0
BRDA:16,0,0,0
BRDA:16,0,1,0
BRDA:22,1,0,0
BRDA:22,1,1,0
BRDA:29,2,0,0
BRDA:29,2,1,0
BRDA:42,3,0,0
BRDA:42,4,0,0
BRDA:42,4,1,0
BRDA:46,5,0,0
BRDA:51,6,0,0
BRDA:51,6,1,0
BRDA:51,7,0,0
BRDA:51,7,1,0
BRDA:52,8,0,0
BRDA:52,8,1,0
BRDA:52,9,0,0
BRDA:52,9,1,0
BRDA:63,10,0,0
BRDA:63,10,1,0
BRDA:72,11,0,0
BRDA:72,11,1,0
BRDA:77,12,0,0
BRDA:77,12,1,0
BRDA:79,13,0,0
BRDA:79,13,1,0
BRDA:86,14,0,0
BRDA:86,14,1,0
BRDA:86,15,0,0
BRDA:86,15,1,0
BRDA:87,16,0,0
BRDA:87,16,1,0
BRDA:87,17,0,0
BRDA:87,17,1,0
BRDA:106,18,0,0
BRDA:106,18,1,0
BRDA:107,19,0,0
BRDA:107,19,1,0
BRF:38
BRH:0
end_of_record
TN:
SF:app/api/debug/session-monitor/route.ts
FN:4,GET
FN:35,generateRecommendations
FN:61,DELETE
FNF:3
FNH:0
FNDA:0,GET
FNDA:0,generateRecommendations
FNDA:0,DELETE
DA:1,0
DA:2,0
DA:4,0
DA:5,0
DA:6,0
DA:7,0
DA:9,0
DA:10,0
DA:12,0
DA:26,0
DA:27,0
DA:36,0
DA:38,0
DA:39,0
DA:42,0
DA:43,0
DA:46,0
DA:47,0
DA:50,0
DA:51,0
DA:54,0
DA:55,0
DA:58,0
DA:61,0
DA:62,0
DA:63,0
DA:64,0
DA:70,0
LF:28
LH:0
BRDA:7,0,0,0
BRDA:7,0,1,0
BRDA:29,1,0,0
BRDA:29,1,1,0
BRDA:38,2,0,0
BRDA:42,3,0,0
BRDA:46,4,0,0
BRDA:50,5,0,0
BRDA:54,6,0,0
BRDA:72,7,0,0
BRDA:72,7,1,0
BRF:11
BRH:0
end_of_record
TN:
SF:app/api/errors/report/route.ts
FN:6,POST
FN:12,(anonymous_3)
FN:89,classifyError
FNF:3
FNH:0
FNDA:0,POST
FNDA:0,(anonymous_3)
FNDA:0,classifyError
DA:1,0
DA:2,0
DA:3,0
DA:6,0
DA:7,0
DA:9,0
DA:14,0
DA:15,0
DA:16,0
DA:17,0
DA:21,0
DA:22,0
DA:28,0
DA:31,0
DA:32,0
DA:39,0
DA:52,0
DA:56,0
DA:66,0
DA:68,0
DA:72,0
DA:79,0
DA:82,0
DA:90,0
DA:93,0
DA:97,0
DA:101,0
DA:104,0
DA:108,0
DA:111,0
DA:115,0
LF:31
LH:0
BRDA:15,0,0,0
BRDA:15,0,1,0
BRDA:15,1,0,0
BRDA:15,1,1,0
BRDA:16,2,0,0
BRDA:16,2,1,0
BRDA:21,3,0,0
BRDA:31,4,0,0
BRDA:31,5,0,0
BRDA:31,5,1,0
BRDA:42,6,0,0
BRDA:42,6,1,0
BRDA:43,7,0,0
BRDA:43,7,1,0
BRDA:44,8,0,0
BRDA:44,8,1,0
BRDA:45,9,0,0
BRDA:45,9,1,0
BRDA:46,10,0,0
BRDA:46,10,1,0
BRDA:58,11,0,0
BRDA:58,11,1,0
BRDA:66,12,0,0
BRDA:93,13,0,0
BRDA:93,14,0,0
BRDA:93,14,1,0
BRDA:93,14,2,0
BRDA:93,14,3,0
BRDA:101,15,0,0
BRDA:101,16,0,0
BRDA:101,16,1,0
BRDA:101,16,2,0
BRDA:108,17,0,0
BRDA:108,18,0,0
BRDA:108,18,1,0
BRDA:108,18,2,0
BRF:36
BRH:0
end_of_record
TN:
SF:app/api/notifications/subscribe/route.ts
FN:8,POST
FN:97,GET
FN:130,(anonymous_6)
FNF:3
FNH:0
FNDA:0,POST
FNDA:0,GET
FNDA:0,(anonymous_6)
DA:1,0
DA:2,0
DA:3,0
DA:4,0
DA:8,0
DA:9,0
DA:10,0
DA:12,0
DA:15,0
DA:16,0
DA:17,0
DA:27,0
DA:30,0
DA:36,0
DA:37,0
DA:52,0
DA:59,0
DA:73,0
DA:76,0
DA:77,0
DA:86,0
DA:97,0
DA:98,0
DA:99,0
DA:101,0
DA:102,0
DA:103,0
DA:104,0
DA:105,0
DA:108,0
DA:109,0
DA:110,0
DA:114,0
DA:125,0
DA:130,0
DA:131,0
DA:132,0
DA:135,0
DA:153,0
DA:154,0
LF:40
LH:0
BRDA:16,0,0,0
BRDA:36,1,0,0
BRDA:76,2,0,0
BRDA:103,3,0,0
BRDA:103,3,1,0
BRDA:104,4,0,0
BRDA:104,4,1,0
BRDA:109,5,0,0
BRDA:109,6,0,0
BRDA:109,6,1,0
BRF:10
BRH:0
end_of_record
TN:
SF:app/api/payment/calculate/route.ts
FN:20,POST
FN:75,(anonymous_3)
FN:77,(anonymous_4)
FN:93,(anonymous_5)
FN:129,(anonymous_6)
FN:131,(anonymous_7)
FN:158,(anonymous_8)
FN:160,(anonymous_9)
FNF:8
FNH:0
FNDA:0,POST
FNDA:0,(anonymous_3)
FNDA:0,(anonymous_4)
FNDA:0,(anonymous_5)
FNDA:0,(anonymous_6)
FNDA:0,(anonymous_7)
FNDA:0,(anonymous_8)
FNDA:0,(anonymous_9)
DA:1,0
DA:2,0
DA:3,0
DA:4,0
DA:5,0
DA:6,0
DA:7,0
DA:20,0
DA:21,0
DA:23,0
DA:25,0
DA:26,0
DA:28,0
DA:31,0
DA:33,0
DA:34,0
DA:41,0
DA:44,0
DA:46,0
DA:52,0
DA:53,0
DA:56,0
DA:57,0
DA:58,0
DA:60,0
DA:61,0
DA:62,0
DA:67,0
DA:68,0
DA:72,0
DA:73,0
DA:75,0
DA:77,0
DA:78,0
DA:82,0
DA:83,0
DA:84,0
DA:85,0
DA:90,0
DA:92,0
DA:93,0
DA:98,0
DA:101,0
DA:107,0
DA:108,0
DA:109,0
DA:112,0
DA:115,0
DA:118,0
DA:124,0
DA:127,0
DA:129,0
DA:130,0
DA:131,0
DA:132,0
DA:133,0
DA:134,0
DA:136,0
DA:139,0
DA:142,0
DA:143,0
DA:144,0
DA:145,0
DA:157,0
DA:158,0
DA:159,0
DA:160,0
DA:161,0
DA:162,0
DA:165,0
DA:166,0
DA:167,0
DA:168,0
DA:181,0
DA:183,0
DA:206,0
DA:212,0
DA:213,0
LF:78
LH:0
BRDA:33,0,0,0
BRDA:56,1,0,0
BRDA:56,1,1,0
BRDA:56,2,0,0
BRDA:56,2,1,0
BRDA:61,3,0,0
BRDA:78,4,0,0
BRDA:78,4,1,0
BRDA:78,4,2,0
BRDA:78,4,3,0
BRDA:82,5,0,0
BRDA:82,5,1,0
BRDA:83,6,0,0
BRDA:83,6,1,0
BRDA:83,6,2,0
BRDA:107,7,0,0
BRDA:108,8,0,0
BRDA:108,8,1,0
BRDA:109,9,0,0
BRDA:109,9,1,0
BRDA:109,9,2,0
BRDA:130,10,0,0
BRDA:130,11,0,0
BRDA:130,11,1,0
BRDA:132,12,0,0
BRDA:133,13,0,0
BRDA:133,13,1,0
BRDA:134,14,0,0
BRDA:134,14,1,0
BRDA:136,15,0,0
BRDA:136,15,1,0
BRDA:136,15,2,0
BRDA:136,15,3,0
BRDA:139,16,0,0
BRDA:139,16,1,0
BRDA:142,17,0,0
BRDA:142,18,0,0
BRDA:142,18,1,0
BRDA:157,19,0,0
BRDA:159,20,0,0
BRDA:159,21,0,0
BRDA:159,21,1,0
BRDA:161,22,0,0
BRDA:161,23,0,0
BRDA:161,23,1,0
BRDA:162,24,0,0
BRDA:162,24,1,0
BRDA:165,25,0,0
BRF:48
BRH:0
end_of_record
TN:
SF:app/api/payment/create-order/route.ts
FN:13,POST
FNF:1
FNH:0
FNDA:0,POST
DA:1,0
DA:2,0
DA:3,0
DA:4,0
DA:5,0
DA:6,0
DA:8,0
DA:13,0
DA:14,0
DA:15,0
DA:17,0
DA:18,0
DA:24,0
DA:25,0
DA:27,0
DA:28,0
DA:34,0
DA:36,0
DA:37,0
DA:38,0
DA:45,0
DA:48,0
DA:60,0
DA:62,0
DA:73,0
DA:74,0
LF:26
LH:0
BRDA:17,0,0,0
BRDA:27,1,0,0
BRDA:27,2,0,0
BRDA:27,2,1,0
BRDA:37,3,0,0
BRDA:45,4,0,0
BRDA:45,4,1,0
BRDA:55,5,0,0
BRDA:55,5,1,0
BRF:9
BRH:0
end_of_record
TN:
SF:app/api/payment/invoice/[paymentId]/route.ts
FN:8,GET
FNF:1
FNH:0
FNDA:0,GET
DA:1,0
DA:2,0
DA:3,0
DA:4,0
DA:5,0
DA:6,0
DA:8,0
DA:12,0
DA:13,0
DA:15,0
DA:16,0
DA:22,0
DA:25,0
DA:26,0
DA:27,0
DA:34,0
DA:35,0
DA:36,0
DA:43,0
DA:44,0
DA:51,0
DA:228,0
DA:236,0
DA:237,0
LF:24
LH:0
BRDA:15,0,0,0
BRDA:26,1,0,0
BRDA:35,2,0,0
BRDA:43,3,0,0
BRDA:43,4,0,0
BRDA:43,4,1,0
BRDA:155,5,0,0
BRDA:155,5,1,0
BRDA:157,6,0,0
BRDA:157,6,1,0
BRDA:164,7,0,0
BRDA:164,7,1,0
BRDA:168,8,0,0
BRDA:168,8,1,0
BRDA:183,9,0,0
BRDA:183,9,1,0
BRDA:186,10,0,0
BRDA:186,10,1,0
BRDA:193,11,0,0
BRDA:193,11,1,0
BRDA:200,12,0,0
BRDA:200,12,1,0
BRF:22
BRH:0
end_of_record
TN:
SF:app/api/payment/pricing/route.ts
FN:6,GET
FNF:1
FNH:0
FNDA:0,GET
DA:1,0
DA:2,0
DA:3,0
DA:4,0
DA:6,0
DA:7,0
DA:8,0
DA:11,0
DA:12,0
DA:15,0
DA:21,0
DA:22,0
DA:23,0
DA:26,0
DA:27,0
DA:37,0
DA:65,0
DA:66,0
LF:18
LH:0
BRDA:22,0,0,0
BRDA:26,1,0,0
BRDA:40,2,0,0
BRDA:40,2,1,0
BRDA:48,3,0,0
BRDA:48,3,1,0
BRDA:60,4,0,0
BRDA:60,4,1,0
BRF:8
BRH:0
end_of_record
TN:
SF:app/api/payment/verify/route.ts
FN:17,recalculatePaymentBreakdown
FN:49,(anonymous_6)
FN:67,(anonymous_7)
FN:68,(anonymous_8)
FN:94,(anonymous_9)
FN:96,(anonymous_10)
FN:162,POST
FN:258,(anonymous_12)
FNF:8
FNH:0
FNDA:0,recalculatePaymentBreakdown
FNDA:0,(anonymous_6)
FNDA:0,(anonymous_7)
FNDA:0,(anonymous_8)
FNDA:0,(anonymous_9)
FNDA:0,(anonymous_10)
FNDA:0,POST
FNDA:0,(anonymous_12)
DA:1,0
DA:2,0
DA:3,0
DA:4,0
DA:5,0
DA:6,0
DA:7,0
DA:8,0
DA:9,0
DA:11,0
DA:18,0
DA:20,0
DA:25,0
DA:31,0
DA:39,0
DA:49,0
DA:50,0
DA:51,0
DA:52,0
DA:53,0
DA:58,0
DA:59,0
DA:60,0
DA:63,0
DA:64,0
DA:66,0
DA:67,0
DA:68,0
DA:69,0
DA:70,0
DA:74,0
DA:80,0
DA:81,0
DA:84,0
DA:90,0
DA:93,0
DA:94,0
DA:95,0
DA:96,0
DA:97,0
DA:98,0
DA:99,0
DA:101,0
DA:104,0
DA:107,0
DA:108,0
DA:109,0
DA:110,0
DA:111,0
DA:122,0
DA:140,0
DA:142,0
DA:162,0
DA:163,0
DA:164,0
DA:166,0
DA:167,0
DA:173,0
DA:174,0
DA:176,0
DA:177,0
DA:183,0
DA:186,0
DA:187,0
DA:192,0
DA:193,0
DA:200,0
DA:201,0
DA:203,0
DA:204,0
DA:210,0
DA:211,0
DA:212,0
DA:219,0
DA:220,0
DA:221,0
DA:228,0
DA:229,0
DA:232,0
DA:235,0
DA:249,0
DA:252,0
DA:253,0
DA:254,0
DA:257,0
DA:258,0
DA:259,0
DA:274,0
DA:276,0
DA:280,0
DA:293,0
DA:294,0
LF:92
LH:0
BRDA:50,0,0,0
BRDA:50,0,1,0
BRDA:52,1,0,0
BRDA:58,2,0,0
BRDA:58,2,1,0
BRDA:60,3,0,0
BRDA:60,3,1,0
BRDA:66,4,0,0
BRDA:66,5,0,0
BRDA:66,5,1,0
BRDA:69,6,0,0
BRDA:80,7,0,0
BRDA:80,7,1,0
BRDA:81,8,0,0
BRDA:81,8,1,0
BRDA:95,9,0,0
BRDA:95,10,0,0
BRDA:95,10,1,0
BRDA:97,11,0,0
BRDA:98,12,0,0
BRDA:98,12,1,0
BRDA:99,13,0,0
BRDA:99,13,1,0
BRDA:101,14,0,0
BRDA:101,14,1,0
BRDA:101,14,2,0
BRDA:101,14,3,0
BRDA:104,15,0,0
BRDA:104,15,1,0
BRDA:107,16,0,0
BRDA:107,17,0,0
BRDA:107,17,1,0
BRDA:152,18,0,0
BRDA:152,18,1,0
BRDA:166,19,0,0
BRDA:176,20,0,0
BRDA:176,21,0,0
BRDA:176,21,1,0
BRDA:176,21,2,0
BRDA:192,22,0,0
BRDA:203,23,0,0
BRDA:203,24,0,0
BRDA:203,24,1,0
BRDA:211,25,0,0
BRDA:220,26,0,0
BRF:45
BRH:0
end_of_record
TN:
SF:app/api/test/db/route.ts
FN:5,GET
FN:27,(anonymous_3)
FNF:2
FNH:0
FNDA:0,GET
FNDA:0,(anonymous_3)
DA:1,0
DA:2,0
DA:3,0
DA:5,0
DA:6,0
DA:7,0
DA:8,0
DA:11,0
DA:12,0
DA:15,0
DA:20,0
DA:22,0
DA:27,0
DA:38,0
DA:39,0
LF:15
LH:0
BRDA:42,0,0,0
BRDA:42,0,1,0
BRF:2
BRH:0
end_of_record
TN:
SF:app/api/test/email/route.ts
FN:4,POST
FN:52,(anonymous_5)
FN:87,(anonymous_6)
FNF:3
FNH:0
FNDA:0,POST
FNDA:0,(anonymous_5)
FNDA:0,(anonymous_6)
DA:1,0
DA:2,0
DA:4,0
DA:5,0
DA:6,0
DA:8,0
DA:9,0
DA:15,0
DA:19,0
DA:21,0
DA:29,0
DA:32,0
DA:48,0
DA:52,0
DA:53,0
DA:78,0
DA:85,0
DA:87,0
DA:89,0
DA:90,0
DA:96,0
LF:21
LH:0
BRDA:6,0,0,0
BRDA:8,1,0,0
BRDA:19,2,0,0
BRDA:19,2,1,0
BRDA:19,2,2,0
BRDA:89,3,0,0
BRDA:99,4,0,0
BRDA:99,4,1,0
BRF:8
BRH:0
end_of_record
TN:
SF:app/api/test/seed/route.ts
FN:4,POST
FNF:1
FNH:0
FNDA:0,POST
DA:1,0
DA:2,0
DA:4,0
DA:5,0
DA:6,0
DA:8,0
DA:9,0
DA:14,0
DA:20,0
DA:21,0
LF:10
LH:0
BRDA:8,0,0,0
BRDA:8,0,1,0
BRF:2
BRH:0
end_of_record
TN:
SF:app/api/user/payments/route.ts
FN:7,GET
FN:26,(anonymous_3)
FNF:2
FNH:0
FNDA:0,GET
FNDA:0,(anonymous_3)
DA:1,0
DA:2,0
DA:3,0
DA:4,0
DA:5,0
DA:7,0
DA:8,0
DA:9,0
DA:11,0
DA:12,0
DA:18,0
DA:20,0
DA:24,0
DA:26,0
DA:40,0
DA:41,0
LF:16
LH:0
BRDA:11,0,0,0
BRF:1
BRH:0
end_of_record
TN:
SF:app/api/user/profile/route.ts
FN:8,GET
FN:53,PUT
FN:89,(anonymous_6)
FNF:3
FNH:0
FNDA:0,GET
FNDA:0,PUT
FNDA:0,(anonymous_6)
DA:1,0
DA:2,0
DA:3,0
DA:4,0
DA:5,0
DA:6,0
DA:8,0
DA:9,0
DA:10,0
DA:12,0
DA:13,0
DA:19,0
DA:22,0
DA:24,0
DA:25,0
DA:32,0
DA:34,0
DA:39,0
DA:45,0
DA:46,0
DA:53,0
DA:54,0
DA:55,0
DA:57,0
DA:58,0
DA:64,0
DA:65,0
DA:67,0
DA:69,0
DA:71,0
DA:72,0
DA:79,0
DA:80,0
DA:87,0
DA:88,0
DA:89,0
DA:90,0
DA:91,0
DA:96,0
DA:98,0
DA:105,0
DA:106,0
LF:42
LH:0
BRDA:12,0,0,0
BRDA:24,1,0,0
BRDA:57,2,0,0
BRDA:71,3,0,0
BRDA:79,4,0,0
BRDA:87,5,0,0
BRDA:90,6,0,0
BRF:7
BRH:0
end_of_record
TN:
SF:app/api/user/refresh-payment-data/route.ts
FN:8,POST
FNF:1
FNH:0
FNDA:0,POST
DA:1,0
DA:2,0
DA:3,0
DA:4,0
DA:5,0
DA:6,0
DA:8,0
DA:9,0
DA:10,0
DA:12,0
DA:13,0
DA:19,0
DA:22,0
DA:23,0
DA:24,0
DA:31,0
DA:37,0
DA:46,0
DA:47,0
LF:19
LH:0
BRDA:12,0,0,0
BRDA:23,1,0,0
BRF:2
BRH:0
end_of_record
TN:
SF:app/api/workshops/route.ts
FN:5,GET
FN:24,(anonymous_3)
FN:46,getRegistrationStatus
FN:53,canRegisterForWorkshop
FNF:4
FNH:0
FNDA:0,GET
FNDA:0,(anonymous_3)
FNDA:0,getRegistrationStatus
FNDA:0,canRegisterForWorkshop
DA:1,0
DA:2,0
DA:3,0
DA:5,0
DA:6,0
DA:7,0
DA:9,0
DA:10,0
DA:13,0
DA:14,0
DA:15,0
DA:18,0
DA:23,0
DA:24,0
DA:31,0
DA:37,0
DA:38,0
DA:47,0
DA:48,0
DA:49,0
DA:50,0
DA:54,0
LF:22
LH:0
BRDA:14,0,0,0
BRDA:41,1,0,0
BRDA:41,1,1,0
BRDA:47,2,0,0
BRDA:48,3,0,0
BRDA:49,4,0,0
BRDA:54,5,0,0
BRDA:54,5,1,0
BRDA:54,5,2,0
BRDA:54,5,3,0
BRF:10
BRH:0
end_of_record
TN:
SF:app/auth/debug/page.tsx
FN:9,AuthDebugPage
FN:14,(anonymous_2)
FN:16,(anonymous_3)
FN:29,(anonymous_4)
FN:68,(anonymous_5)
FN:88,(anonymous_6)
FN:103,(anonymous_7)
FN:109,(anonymous_8)
FN:115,(anonymous_9)
FN:130,(anonymous_10)
FNF:10
FNH:0
FNDA:0,AuthDebugPage
FNDA:0,(anonymous_2)
FNDA:0,(anonymous_3)
FNDA:0,(anonymous_4)
FNDA:0,(anonymous_5)
FNDA:0,(anonymous_6)
FNDA:0,(anonymous_7)
FNDA:0,(anonymous_8)
FNDA:0,(anonymous_9)
FNDA:0,(anonymous_10)
DA:3,0
DA:4,0
DA:5,0
DA:6,0
DA:7,0
DA:9,0
DA:10,0
DA:11,0
DA:12,0
DA:14,0
DA:16,0
DA:17,0
DA:20,0
DA:29,0
DA:30,0
DA:69,0
DA:88,0
DA:103,0
DA:109,0
DA:116,0
DA:117,0
DA:118,0
DA:119,0
DA:120,0
DA:122,0
DA:131,0
DA:132,0
DA:134,0
LF:28
LH:0
BRDA:68,0,0,0
BRDA:131,1,0,0
BRDA:131,1,1,0
BRDA:131,2,0,0
BRDA:131,2,1,0
BRF:5
BRH:0
end_of_record
TN:
SF:app/auth/forgot-password/page.tsx
FN:15,ForgotPasswordPage
FN:23,(anonymous_3)
FN:103,(anonymous_4)
FN:166,(anonymous_5)
FNF:4
FNH:0
FNDA:0,ForgotPasswordPage
FNDA:0,(anonymous_3)
FNDA:0,(anonymous_4)
FNDA:0,(anonymous_5)
DA:3,0
DA:4,0
DA:5,0
DA:6,0
DA:7,0
DA:8,0
DA:9,0
DA:10,0
DA:11,0
DA:12,0
DA:13,0
DA:15,0
DA:16,0
DA:17,0
DA:18,0
DA:19,0
DA:21,0
DA:23,0
DA:24,0
DA:25,0
DA:27,0
DA:28,0
DA:29,0
DA:32,0
DA:33,0
DA:34,0
DA:37,0
DA:39,0
DA:40,0
DA:48,0
DA:50,0
DA:51,0
DA:52,0
DA:57,0
DA:60,0
DA:62,0
DA:66,0
DA:104,0
DA:105,0
DA:166,0
LF:40
LH:0
BRDA:27,0,0,0
BRDA:32,1,0,0
BRDA:50,2,0,0
BRDA:50,2,1,0
BRDA:57,3,0,0
BRDA:57,3,1,0
BRDA:66,4,0,0
BRDA:151,5,0,0
BRDA:180,6,0,0
BRF:9
BRH:0
end_of_record
TN:
SF:app/auth/login/page.tsx
FN:12,LoginPage
FNF:1
FNH:0
FNDA:0,LoginPage
DA:1,0
DA:3,0
DA:5,0
DA:7,0
DA:12,0
LF:5
LH:0
BRF:0
BRH:0
end_of_record
TN:
SF:app/auth/register/page.tsx
FN:6,AuthRegisterRedirect
FN:9,(anonymous_2)
FNF:2
FNH:0
FNDA:0,AuthRegisterRedirect
FNDA:0,(anonymous_2)
DA:3,0
DA:4,0
DA:6,0
DA:7,0
DA:9,0
DA:11,0
LF:6
LH:0
BRF:0
BRH:0
end_of_record
TN:
SF:app/auth/reset-password/page.tsx
FN:16,ResetPasswordForm
FN:31,(anonymous_3)
FN:37,(anonymous_4)
FN:82,(anonymous_5)
FN:229,(anonymous_6)
FN:240,(anonymous_7)
FN:264,(anonymous_8)
FN:274,(anonymous_9)
FN:321,ResetPasswordPage
FNF:9
FNH:0
FNDA:0,ResetPasswordForm
FNDA:0,(anonymous_3)
FNDA:0,(anonymous_4)
FNDA:0,(anonymous_5)
FNDA:0,(anonymous_6)
FNDA:0,(anonymous_7)
FNDA:0,(anonymous_8)
FNDA:0,(anonymous_9)
FNDA:0,ResetPasswordPage
DA:3,0
DA:4,0
DA:5,0
DA:6,0
DA:7,0
DA:8,0
DA:9,0
DA:10,0
DA:11,0
DA:12,0
DA:13,0
DA:14,0
DA:17,0
DA:18,0
DA:19,0
DA:20,0
DA:21,0
DA:22,0
DA:23,0
DA:24,0
DA:26,0
DA:27,0
DA:28,0
DA:29,0
DA:31,0
DA:32,0
DA:33,0
DA:37,0
DA:38,0
DA:39,0
DA:41,0
DA:42,0
DA:43,0
DA:46,0
DA:47,0
DA:48,0
DA:51,0
DA:52,0
DA:53,0
DA:56,0
DA:57,0
DA:58,0
DA:61,0
DA:63,0
DA:64,0
DA:72,0
DA:74,0
DA:75,0
DA:76,0
DA:82,0
DA:83,0
DA:86,0
DA:89,0
DA:91,0
DA:95,0
DA:147,0
DA:229,0
DA:240,0
DA:264,0
DA:274,0
DA:321,0
LF:61
LH:0
BRDA:32,0,0,0
BRDA:41,1,0,0
BRDA:46,2,0,0
BRDA:51,3,0,0
BRDA:56,4,0,0
BRDA:74,5,0,0
BRDA:74,5,1,0
BRDA:86,6,0,0
BRDA:86,6,1,0
BRDA:95,7,0,0
BRDA:147,8,0,0
BRDA:214,9,0,0
BRDA:226,10,0,0
BRDA:226,10,1,0
BRDA:244,11,0,0
BRDA:261,12,0,0
BRDA:261,12,1,0
BRDA:278,13,0,0
BRDA:292,14,0,0
BRF:19
BRH:0
end_of_record
TN:
SF:app/committee/page.tsx
FN:91,CommitteePage
FN:129,(anonymous_2)
FN:170,(anonymous_3)
FN:178,(anonymous_4)
FN:179,(anonymous_5)
FN:180,(anonymous_6)
FN:203,(anonymous_7)
FNF:7
FNH:0
FNDA:0,CommitteePage
FNDA:0,(anonymous_2)
FNDA:0,(anonymous_3)
FNDA:0,(anonymous_4)
FNDA:0,(anonymous_5)
FNDA:0,(anonymous_6)
FNDA:0,(anonymous_7)
DA:3,0
DA:4,0
DA:5,0
DA:6,0
DA:10,0
DA:91,0
DA:92,0
DA:93,0
DA:94,0
DA:95,0
DA:130,0
DA:171,0
DA:178,0
DA:179,0
DA:180,0
DA:203,0
LF:16
LH:0
BRDA:180,0,0,0
BRDA:180,0,1,0
BRDA:196,1,0,0
BRDA:196,1,1,0
BRDA:197,2,0,0
BRDA:197,2,1,0
BRDA:239,3,0,0
BRDA:239,3,1,0
BRDA:240,4,0,0
BRDA:240,4,1,0
BRDA:290,5,0,0
BRDA:290,5,1,0
BRF:12
BRH:0
end_of_record
TN:
SF:app/contact/page.tsx
FN:15,ContactPage
FN:29,(anonymous_2)
FN:75,(anonymous_3)
FN:106,(anonymous_4)
FN:124,(anonymous_5)
FN:125,(anonymous_6)
FN:129,(anonymous_7)
FN:150,(anonymous_8)
FN:247,(anonymous_9)
FN:261,(anonymous_10)
FN:275,(anonymous_11)
FN:285,(anonymous_12)
FN:306,(anonymous_13)
FNF:13
FNH:0
FNDA:0,ContactPage
FNDA:0,(anonymous_2)
FNDA:0,(anonymous_3)
FNDA:0,(anonymous_4)
FNDA:0,(anonymous_5)
FNDA:0,(anonymous_6)
FNDA:0,(anonymous_7)
FNDA:0,(anonymous_8)
FNDA:0,(anonymous_9)
FNDA:0,(anonymous_10)
FNDA:0,(anonymous_11)
FNDA:0,(anonymous_12)
FNDA:0,(anonymous_13)
DA:5,0
DA:6,0
DA:7,0
DA:8,0
DA:9,0
DA:10,0
DA:11,0
DA:12,0
DA:15,0
DA:16,0
DA:24,0
DA:25,0
DA:26,0
DA:27,0
DA:29,0
DA:30,0
DA:33,0
DA:34,0
DA:35,0
DA:36,0
DA:37,0
DA:38,0
DA:42,0
DA:43,0
DA:44,0
DA:45,0
DA:46,0
DA:47,0
DA:51,0
DA:52,0
DA:53,0
DA:54,0
DA:58,0
DA:59,0
DA:63,0
DA:64,0
DA:65,0
DA:66,0
DA:67,0
DA:68,0
DA:71,0
DA:72,0
DA:75,0
DA:76,0
DA:77,0
DA:78,0
DA:79,0
DA:82,0
DA:83,0
DA:84,0
DA:87,0
DA:88,0
DA:96,0
DA:98,0
DA:99,0
DA:100,0
DA:101,0
DA:104,0
DA:105,0
DA:106,0
DA:107,0
DA:108,0
DA:109,0
DA:110,0
DA:111,0
DA:113,0
DA:115,0
DA:118,0
DA:120,0
DA:124,0
DA:125,0
DA:128,0
DA:129,0
DA:130,0
DA:131,0
DA:132,0
DA:137,0
DA:150,0
DA:247,0
DA:261,0
DA:275,0
DA:285,0
DA:306,0
LF:83
LH:0
BRDA:33,0,0,0
BRDA:33,0,1,0
BRDA:35,1,0,0
BRDA:35,1,1,0
BRDA:37,2,0,0
BRDA:42,3,0,0
BRDA:42,3,1,0
BRDA:44,4,0,0
BRDA:44,4,1,0
BRDA:46,5,0,0
BRDA:51,6,0,0
BRDA:51,6,1,0
BRDA:51,7,0,0
BRDA:51,7,1,0
BRDA:53,8,0,0
BRDA:53,9,0,0
BRDA:53,9,1,0
BRDA:58,10,0,0
BRDA:63,11,0,0
BRDA:63,11,1,0
BRDA:65,12,0,0
BRDA:65,12,1,0
BRDA:67,13,0,0
BRDA:82,14,0,0
BRDA:98,15,0,0
BRDA:98,15,1,0
BRDA:104,16,0,0
BRDA:104,17,0,0
BRDA:104,17,1,0
BRDA:107,18,0,0
BRDA:107,18,1,0
BRDA:108,19,0,0
BRDA:108,19,1,0
BRDA:109,20,0,0
BRDA:109,20,1,0
BRDA:110,21,0,0
BRDA:110,21,1,0
BRDA:111,22,0,0
BRDA:115,23,0,0
BRDA:115,23,1,0
BRDA:128,24,0,0
BRDA:137,25,0,0
BRDA:249,26,0,0
BRDA:249,26,1,0
BRDA:252,27,0,0
BRDA:263,28,0,0
BRDA:263,28,1,0
BRDA:266,29,0,0
BRDA:277,30,0,0
BRDA:277,30,1,0
BRDA:279,31,0,0
BRDA:286,32,0,0
BRDA:286,32,1,0
BRDA:298,33,0,0
BRDA:309,34,0,0
BRDA:309,34,1,0
BRDA:314,35,0,0
BRDA:318,36,0,0
BRDA:318,36,1,0
BRDA:323,37,0,0
BRDA:334,38,0,0
BRDA:334,38,1,0
BRF:62
BRH:0
end_of_record
TN:
SF:app/cookies-policy/page.tsx
FN:7,CookiesPolicyPage
FNF:1
FNH:0
FNDA:0,CookiesPolicyPage
DA:3,0
DA:4,0
DA:5,0
DA:7,0
LF:4
LH:0
BRF:0
BRH:0
end_of_record
TN:
SF:app/dashboard/page.tsx
FN:11,DashboardPage
FNF:1
FNH:0
FNDA:0,DashboardPage
DA:2,0
DA:3,0
DA:4,0
DA:6,0
DA:11,0
LF:5
LH:0
BRF:0
BRH:0
end_of_record
TN:
SF:app/dashboard/payment/page.tsx
FN:11,PaymentPage
FNF:1
FNH:0
FNDA:0,PaymentPage
DA:2,0
DA:3,0
DA:4,0
DA:6,0
DA:11,0
LF:5
LH:0
BRF:0
BRH:0
end_of_record
TN:
SF:app/dashboard/profile/page.tsx
FN:11,ProfilePage
FNF:1
FNH:0
FNDA:0,ProfilePage
DA:2,0
DA:3,0
DA:4,0
DA:6,0
DA:11,0
LF:5
LH:0
BRF:0
BRH:0
end_of_record
TN:
SF:app/privacy-policy/page.tsx
FN:7,PrivacyPolicyPage
FNF:1
FNH:0
FNDA:0,PrivacyPolicyPage
DA:3,0
DA:4,0
DA:5,0
DA:7,0
LF:4
LH:0
BRF:0
BRH:0
end_of_record
TN:
SF:app/program/page.tsx
FN:251,(anonymous_5)
FN:267,ProgramPage
FN:274,(anonymous_7)
FN:293,(anonymous_8)
FN:349,(anonymous_9)
FN:429,(anonymous_10)
FN:527,(anonymous_11)
FN:551,(anonymous_12)
FN:561,(anonymous_13)
FNF:9
FNH:0
FNDA:0,(anonymous_5)
FNDA:0,ProgramPage
FNDA:0,(anonymous_7)
FNDA:0,(anonymous_8)
FNDA:0,(anonymous_9)
FNDA:0,(anonymous_10)
FNDA:0,(anonymous_11)
FNDA:0,(anonymous_12)
FNDA:0,(anonymous_13)
DA:3,0
DA:4,0
DA:5,0
DA:6,0
DA:7,0
DA:8,0
DA:9,0
DA:11,0
DA:251,0
DA:252,0
DA:264,0
DA:267,0
DA:268,0
DA:269,0
DA:270,0
DA:271,0
DA:272,0
DA:274,0
DA:275,0
DA:277,0
DA:278,0
DA:289,0
DA:291,0
DA:293,0
DA:294,0
DA:296,0
DA:299,0
DA:300,0
DA:303,0
DA:304,0
DA:349,0
DA:430,0
DA:527,0
DA:551,0
DA:561,0
LF:35
LH:0
BRDA:264,0,0,0
BRDA:264,0,1,0
BRDA:291,1,0,0
BRDA:291,1,1,0
BRDA:518,2,0,0
BRF:5
BRH:0
end_of_record
TN:
SF:app/register/page.tsx
FN:21,RegisterPage
FN:34,(anonymous_3)
FN:35,(anonymous_4)
FN:43,(anonymous_5)
FN:44,(anonymous_6)
FN:61,(anonymous_7)
FN:75,(anonymous_8)
FN:165,(anonymous_9)
FN:171,(anonymous_10)
FN:197,(anonymous_11)
FN:237,(anonymous_12)
FN:238,(anonymous_13)
FN:266,(anonymous_14)
FN:272,(anonymous_15)
FN:273,(anonymous_16)
FN:276,(anonymous_17)
FN:283,(anonymous_18)
FN:284,(anonymous_19)
FN:295,(anonymous_20)
FN:296,(anonymous_21)
FN:298,(anonymous_22)
FN:302,(anonymous_23)
FN:303,(anonymous_24)
FN:305,(anonymous_25)
FN:311,(anonymous_26)
FN:332,(anonymous_27)
FN:341,(anonymous_28)
FN:343,(anonymous_29)
FN:406,(anonymous_30)
FN:436,(anonymous_31)
FN:441,(anonymous_32)
FN:442,(anonymous_33)
FN:498,(anonymous_34)
FN:599,(anonymous_35)
FN:615,(anonymous_36)
FN:639,(anonymous_37)
FN:663,(anonymous_38)
FN:671,(anonymous_39)
FN:688,(anonymous_40)
FN:689,(anonymous_41)
FN:689,(anonymous_42)
FN:700,(anonymous_43)
FN:709,(anonymous_44)
FN:724,(anonymous_45)
FN:741,(anonymous_46)
FN:751,(anonymous_47)
FN:766,(anonymous_48)
FN:781,(anonymous_49)
FN:788,(anonymous_50)
FN:802,(anonymous_51)
FN:817,(anonymous_52)
FN:827,(anonymous_53)
FN:839,(anonymous_54)
FN:849,(anonymous_55)
FN:861,(anonymous_56)
FN:870,(anonymous_57)
FN:878,(anonymous_58)
FN:886,(anonymous_59)
FN:894,(anonymous_60)
FN:947,(anonymous_61)
FN:951,(anonymous_62)
FN:963,(anonymous_63)
FN:977,(anonymous_64)
FN:984,(anonymous_65)
FN:992,(anonymous_66)
FN:1023,(anonymous_67)
FN:1044,(anonymous_68)
FN:1073,(anonymous_69)
FN:1081,(anonymous_70)
FN:1092,(anonymous_71)
FN:1101,(anonymous_72)
FN:1110,(anonymous_73)
FN:1131,(anonymous_74)
FN:1148,(anonymous_75)
FN:1167,(anonymous_76)
FN:1238,(anonymous_77)
FN:1268,(anonymous_78)
FN:1282,(anonymous_79)
FN:1377,(anonymous_80)
FN:1425,(anonymous_81)
FNF:80
FNH:0
FNDA:0,RegisterPage
FNDA:0,(anonymous_3)
FNDA:0,(anonymous_4)
FNDA:0,(anonymous_5)
FNDA:0,(anonymous_6)
FNDA:0,(anonymous_7)
FNDA:0,(anonymous_8)
FNDA:0,(anonymous_9)
FNDA:0,(anonymous_10)
FNDA:0,(anonymous_11)
FNDA:0,(anonymous_12)
FNDA:0,(anonymous_13)
FNDA:0,(anonymous_14)
FNDA:0,(anonymous_15)
FNDA:0,(anonymous_16)
FNDA:0,(anonymous_17)
FNDA:0,(anonymous_18)
FNDA:0,(anonymous_19)
FNDA:0,(anonymous_20)
FNDA:0,(anonymous_21)
FNDA:0,(anonymous_22)
FNDA:0,(anonymous_23)
FNDA:0,(anonymous_24)
FNDA:0,(anonymous_25)
FNDA:0,(anonymous_26)
FNDA:0,(anonymous_27)
FNDA:0,(anonymous_28)
FNDA:0,(anonymous_29)
FNDA:0,(anonymous_30)
FNDA:0,(anonymous_31)
FNDA:0,(anonymous_32)
FNDA:0,(anonymous_33)
FNDA:0,(anonymous_34)
FNDA:0,(anonymous_35)
FNDA:0,(anonymous_36)
FNDA:0,(anonymous_37)
FNDA:0,(anonymous_38)
FNDA:0,(anonymous_39)
FNDA:0,(anonymous_40)
FNDA:0,(anonymous_41)
FNDA:0,(anonymous_42)
FNDA:0,(anonymous_43)
FNDA:0,(anonymous_44)
FNDA:0,(anonymous_45)
FNDA:0,(anonymous_46)
FNDA:0,(anonymous_47)
FNDA:0,(anonymous_48)
FNDA:0,(anonymous_49)
FNDA:0,(anonymous_50)
FNDA:0,(anonymous_51)
FNDA:0,(anonymous_52)
FNDA:0,(anonymous_53)
FNDA:0,(anonymous_54)
FNDA:0,(anonymous_55)
FNDA:0,(anonymous_56)
FNDA:0,(anonymous_57)
FNDA:0,(anonymous_58)
FNDA:0,(anonymous_59)
FNDA:0,(anonymous_60)
FNDA:0,(anonymous_61)
FNDA:0,(anonymous_62)
FNDA:0,(anonymous_63)
FNDA:0,(anonymous_64)
FNDA:0,(anonymous_65)
FNDA:0,(anonymous_66)
FNDA:0,(anonymous_67)
FNDA:0,(anonymous_68)
FNDA:0,(anonymous_69)
FNDA:0,(anonymous_70)
FNDA:0,(anonymous_71)
FNDA:0,(anonymous_72)
FNDA:0,(anonymous_73)
FNDA:0,(anonymous_74)
FNDA:0,(anonymous_75)
FNDA:0,(anonymous_76)
FNDA:0,(anonymous_77)
FNDA:0,(anonymous_78)
FNDA:0,(anonymous_79)
FNDA:0,(anonymous_80)
FNDA:0,(anonymous_81)
DA:3,0
DA:4,0
DA:5,0
DA:6,0
DA:7,0
DA:8,0
DA:9,0
DA:10,0
DA:11,0
DA:12,0
DA:13,0
DA:14,0
DA:15,0
DA:16,0
DA:17,0
DA:18,0
DA:19,0
DA:21,0
DA:22,0
DA:23,0
DA:24,0
DA:25,0
DA:26,0
DA:27,0
DA:28,0
DA:29,0
DA:30,0
DA:31,0
DA:34,0
DA:35,0
DA:36,0
DA:37,0
DA:43,0
DA:44,0
DA:45,0
DA:46,0
DA:49,0
DA:50,0
DA:51,0
DA:52,0
DA:53,0
DA:54,0
DA:57,0
DA:61,0
DA:66,0
DA:71,0
DA:72,0
DA:73,0
DA:74,0
DA:75,0
DA:83,0
DA:87,0
DA:89,0
DA:93,0
DA:96,0
DA:140,0
DA:145,0
DA:160,0
DA:161,0
DA:162,0
DA:165,0
DA:166,0
DA:167,0
DA:171,0
DA:172,0
DA:174,0
DA:175,0
DA:186,0
DA:187,0
DA:188,0
DA:189,0
DA:193,0
DA:197,0
DA:199,0
DA:200,0
DA:202,0
DA:203,0
DA:204,0
DA:210,0
DA:211,0
DA:212,0
DA:215,0
DA:216,0
DA:218,0
DA:219,0
DA:220,0
DA:221,0
DA:227,0
DA:228,0
DA:231,0
DA:233,0
DA:237,0
DA:238,0
DA:239,0
DA:242,0
DA:243,0
DA:244,0
DA:245,0
DA:247,0
DA:251,0
DA:255,0
DA:257,0
DA:260,0
DA:261,0
DA:265,0
DA:266,0
DA:267,0
DA:272,0
DA:273,0
DA:274,0
DA:275,0
DA:276,0
DA:278,0
DA:283,0
DA:284,0
DA:295,0
DA:296,0
DA:298,0
DA:302,0
DA:303,0
DA:306,0
DA:311,0
DA:312,0
DA:313,0
DA:315,0
DA:318,0
DA:330,0
DA:332,0
DA:333,0
DA:334,0
DA:335,0
DA:337,0
DA:340,0
DA:341,0
DA:343,0
DA:346,0
DA:348,0
DA:356,0
DA:357,0
DA:358,0
DA:361,0
DA:364,0
DA:365,0
DA:366,0
DA:372,0
DA:373,0
DA:377,0
DA:378,0
DA:379,0
DA:385,0
DA:386,0
DA:390,0
DA:391,0
DA:392,0
DA:398,0
DA:399,0
DA:403,0
DA:404,0
DA:406,0
DA:407,0
DA:413,0
DA:416,0
DA:417,0
DA:419,0
DA:420,0
DA:429,0
DA:436,0
DA:437,0
DA:440,0
DA:441,0
DA:442,0
DA:445,0
DA:446,0
DA:452,0
DA:456,0
DA:457,0
DA:458,0
DA:464,0
DA:465,0
DA:468,0
DA:469,0
DA:472,0
DA:473,0
DA:478,0
DA:479,0
DA:480,0
DA:486,0
DA:487,0
DA:490,0
DA:491,0
DA:493,0
DA:494,0
DA:498,0
DA:499,0
DA:501,0
DA:502,0
DA:504,0
DA:505,0
DA:506,0
DA:508,0
DA:509,0
DA:511,0
DA:512,0
DA:513,0
DA:516,0
DA:523,0
DA:525,0
DA:529,0
DA:530,0
DA:531,0
DA:532,0
DA:533,0
DA:536,0
DA:537,0
DA:538,0
DA:539,0
DA:541,0
DA:569,0
DA:571,0
DA:577,0
DA:578,0
DA:580,0
DA:581,0
DA:586,0
DA:587,0
DA:588,0
DA:590,0
DA:592,0
DA:597,0
DA:599,0
DA:601,0
DA:607,0
DA:609,0
DA:610,0
DA:615,0
DA:617,0
DA:619,0
DA:620,0
DA:625,0
DA:628,0
DA:629,0
DA:634,0
DA:638,0
DA:639,0
DA:640,0
DA:644,0
DA:651,0
DA:652,0
DA:658,0
DA:663,0
DA:664,0
DA:665,0
DA:667,0
DA:671,0
DA:672,0
DA:674,0
DA:675,0
DA:687,0
DA:688,0
DA:689,0
DA:692,0
DA:701,0
DA:709,0
DA:710,0
DA:724,0
DA:741,0
DA:751,0
DA:766,0
DA:781,0
DA:788,0
DA:802,0
DA:817,0
DA:827,0
DA:839,0
DA:849,0
DA:861,0
DA:870,0
DA:878,0
DA:886,0
DA:894,0
DA:947,0
DA:953,0
DA:954,0
DA:957,0
DA:958,0
DA:961,0
DA:964,0
DA:977,0
DA:985,0
DA:992,0
DA:1023,0
DA:1044,0
DA:1074,0
DA:1081,0
DA:1092,0
DA:1101,0
DA:1110,0
DA:1131,0
DA:1148,0
DA:1167,0
DA:1238,0
DA:1268,0
DA:1282,0
DA:1341,0
DA:1378,0
DA:1426,0
LF:306
LH:0
BRDA:36,0,0,0
BRDA:50,1,0,0
BRDA:52,2,0,0
BRDA:52,3,0,0
BRDA:52,3,1,0
BRDA:63,4,0,0
BRDA:63,4,1,0
BRDA:64,5,0,0
BRDA:64,5,1,0
BRDA:72,6,0,0
BRDA:74,7,0,0
BRDA:74,8,0,0
BRDA:74,8,1,0
BRDA:166,9,0,0
BRDA:166,10,0,0
BRDA:166,10,1,0
BRDA:166,10,2,0
BRDA:172,11,0,0
BRDA:182,12,0,0
BRDA:182,12,1,0
BRDA:186,13,0,0
BRDA:188,14,0,0
BRDA:200,15,0,0
BRDA:200,16,0,0
BRDA:200,16,1,0
BRDA:210,17,0,0
BRDA:218,18,0,0
BRDA:218,18,1,0
BRDA:242,19,0,0
BRDA:243,20,0,0
BRDA:243,20,1,0
BRDA:245,21,0,0
BRDA:245,22,0,0
BRDA:245,22,1,0
BRDA:255,23,0,0
BRDA:255,24,0,0
BRDA:255,24,1,0
BRDA:260,25,0,0
BRDA:265,26,0,0
BRDA:265,27,0,0
BRDA:265,27,1,0
BRDA:275,28,0,0
BRDA:275,28,1,0
BRDA:306,29,0,0
BRDA:306,29,1,0
BRDA:315,30,0,0
BRDA:315,30,1,0
BRDA:315,30,2,0
BRDA:315,30,3,0
BRDA:333,31,0,0
BRDA:333,31,1,0
BRDA:333,31,2,0
BRDA:334,32,0,0
BRDA:340,33,0,0
BRDA:357,34,0,0
BRDA:364,35,0,0
BRDA:364,36,0,0
BRDA:364,36,1,0
BRDA:365,37,0,0
BRDA:365,37,1,0
BRDA:377,38,0,0
BRDA:390,39,0,0
BRDA:403,40,0,0
BRDA:403,41,0,0
BRDA:403,41,1,0
BRDA:403,41,2,0
BRDA:437,42,0,0
BRDA:437,42,1,0
BRDA:437,42,2,0
BRDA:440,43,0,0
BRDA:456,44,0,0
BRDA:478,45,0,0
BRDA:504,46,0,0
BRDA:511,47,0,0
BRDA:511,47,1,0
BRDA:529,48,0,0
BRDA:531,49,0,0
BRDA:580,50,0,0
BRDA:580,50,1,0
BRDA:588,51,0,0
BRDA:588,51,1,0
BRDA:590,52,0,0
BRDA:590,52,1,0
BRDA:590,53,0,0
BRDA:590,53,1,0
BRDA:609,54,0,0
BRDA:609,54,1,0
BRDA:609,55,0,0
BRDA:609,55,1,0
BRDA:646,56,0,0
BRDA:646,56,1,0
BRDA:664,57,0,0
BRDA:674,58,0,0
BRDA:688,59,0,0
BRDA:688,59,1,0
BRDA:688,59,2,0
BRDA:692,60,0,0
BRDA:710,61,0,0
BRDA:743,62,0,0
BRDA:743,62,1,0
BRDA:759,63,0,0
BRDA:760,64,0,0
BRDA:761,65,0,0
BRDA:770,66,0,0
BRDA:770,66,1,0
BRDA:771,67,0,0
BRDA:771,67,1,0
BRDA:772,68,0,0
BRDA:772,68,1,0
BRDA:815,69,0,0
BRDA:815,69,1,0
BRDA:829,70,0,0
BRDA:837,71,0,0
BRDA:837,71,1,0
BRDA:851,72,0,0
BRDA:923,73,0,0
BRDA:935,74,0,0
BRDA:953,75,0,0
BRDA:957,76,0,0
BRDA:967,77,0,0
BRDA:967,77,1,0
BRDA:986,78,0,0
BRDA:986,78,1,0
BRDA:1004,79,0,0
BRDA:1006,80,0,0
BRDA:1006,80,1,0
BRDA:1007,81,0,0
BRDA:1007,81,1,0
BRDA:1009,82,0,0
BRDA:1009,82,1,0
BRDA:1066,83,0,0
BRDA:1101,84,0,0
BRDA:1101,84,1,0
BRDA:1130,85,0,0
BRDA:1130,85,1,0
BRDA:1188,86,0,0
BRDA:1198,87,0,0
BRDA:1206,88,0,0
BRDA:1214,89,0,0
BRDA:1216,90,0,0
BRDA:1216,90,1,0
BRDA:1288,91,0,0
BRDA:1288,91,1,0
BRDA:1290,92,0,0
BRDA:1290,92,1,0
BRDA:1373,93,0,0
BRDA:1381,94,0,0
BRDA:1381,94,1,0
BRDA:1387,95,0,0
BRDA:1387,95,1,0
BRDA:1388,96,0,0
BRDA:1388,96,1,0
BRDA:1389,97,0,0
BRDA:1389,97,1,0
BRDA:1391,98,0,0
BRDA:1392,99,0,0
BRDA:1392,99,1,0
BRDA:1415,100,0,0
BRF:158
BRH:0
end_of_record
TN:
SF:app/terms-conditions/page.tsx
FN:7,TermsConditionsPage
FNF:1
FNH:0
FNDA:0,TermsConditionsPage
DA:3,0
DA:4,0
DA:5,0
DA:7,0
LF:4
LH:0
BRF:0
BRH:0
end_of_record
TN:
SF:app/venue/page.tsx
FN:12,VenuePage
FN:20,(anonymous_6)
FN:39,(anonymous_7)
FN:91,(anonymous_8)
FN:175,(anonymous_9)
FN:236,(anonymous_10)
FN:260,(anonymous_11)
FN:270,(anonymous_12)
FNF:8
FNH:0
FNDA:0,VenuePage
FNDA:0,(anonymous_6)
FNDA:0,(anonymous_7)
FNDA:0,(anonymous_8)
FNDA:0,(anonymous_9)
FNDA:0,(anonymous_10)
FNDA:0,(anonymous_11)
FNDA:0,(anonymous_12)
DA:3,0
DA:4,0
DA:5,0
DA:6,0
DA:8,0
DA:9,0
DA:10,0
DA:12,0
DA:13,0
DA:14,0
DA:15,0
DA:16,0
DA:17,0
DA:18,0
DA:20,0
DA:21,0
DA:23,0
DA:24,0
DA:35,0
DA:37,0
DA:38,0
DA:39,0
DA:40,0
DA:41,0
DA:42,0
DA:45,0
DA:46,0
DA:49,0
DA:50,0
DA:91,0
DA:176,0
DA:236,0
DA:260,0
DA:270,0
LF:34
LH:0
BRDA:37,0,0,0
BRDA:37,0,1,0
BRDA:227,1,0,0
BRF:3
BRH:0
end_of_record
TN:
SF:components/OptimizedImage.tsx
FN:16,OptimizedImage
FN:30,(anonymous_3)
FN:34,(anonymous_4)
FNF:3
FNH:0
FNDA:0,OptimizedImage
FNDA:0,(anonymous_3)
FNDA:0,(anonymous_4)
DA:1,0
DA:2,0
DA:16,0
DA:27,0
DA:28,0
DA:30,0
DA:31,0
DA:34,0
DA:35,0
DA:36,0
DA:39,0
LF:11
LH:0
BRDA:21,0,0,0
BRDA:22,1,0,0
BRDA:23,2,0,0
BRDA:24,3,0,0
BRDA:25,4,0,0
BRDA:39,5,0,0
BRDA:49,6,0,0
BRDA:55,7,0,0
BRDA:55,7,1,0
BRDA:56,8,0,0
BRDA:56,8,1,0
BRDA:61,9,0,0
BRDA:61,9,1,0
BRDA:61,10,0,0
BRDA:61,10,1,0
BRF:15
BRH:0
end_of_record
TN:
SF:components/PWAInstallPrompt.tsx
FN:12,PWAInstallPrompt
FN:17,(anonymous_2)
FN:28,(anonymous_3)
FN:33,(anonymous_4)
FN:39,(anonymous_5)
FN:48,(anonymous_6)
FN:54,(anonymous_7)
FN:68,(anonymous_8)
FNF:8
FNH:0
FNDA:0,PWAInstallPrompt
FNDA:0,(anonymous_2)
FNDA:0,(anonymous_3)
FNDA:0,(anonymous_4)
FNDA:0,(anonymous_5)
FNDA:0,(anonymous_6)
FNDA:0,(anonymous_7)
FNDA:0,(anonymous_8)
DA:3,0
DA:4,0
DA:5,0
DA:12,0
DA:13,0
DA:14,0
DA:15,0
DA:17,0
DA:19,0
DA:20,0
DA:22,0
DA:23,0
DA:24,0
DA:28,0
DA:29,0
DA:30,0
DA:33,0
DA:34,0
DA:39,0
DA:40,0
DA:41,0
DA:42,0
DA:45,0
DA:46,0
DA:48,0
DA:49,0
DA:50,0
DA:54,0
DA:55,0
DA:57,0
DA:58,0
DA:60,0
DA:61,0
DA:62,0
DA:65,0
DA:68,0
DA:69,0
DA:71,0
DA:75,0
DA:76,0
LF:40
LH:0
BRDA:22,0,0,0
BRDA:22,1,0,0
BRDA:22,1,1,0
BRDA:55,2,0,0
BRDA:60,3,0,0
BRDA:75,4,0,0
BRDA:75,5,0,0
BRDA:75,5,1,0
BRDA:75,5,2,0
BRF:9
BRH:0
end_of_record
TN:
SF:components/ServiceWorkerUpdate.tsx
FN:5,ServiceWorkerUpdate
FN:6,(anonymous_2)
FN:9,(anonymous_3)
FN:10,(anonymous_4)
FN:12,(anonymous_5)
FN:24,(anonymous_6)
FNF:6
FNH:0
FNDA:0,ServiceWorkerUpdate
FNDA:0,(anonymous_2)
FNDA:0,(anonymous_3)
FNDA:0,(anonymous_4)
FNDA:0,(anonymous_5)
FNDA:0,(anonymous_6)
DA:3,0
DA:5,0
DA:6,0
DA:7,0
DA:9,0
DA:10,0
DA:12,0
DA:13,0
DA:16,0
DA:17,0
DA:24,0
DA:25,0
DA:26,0
LF:13
LH:0
BRDA:7,0,0,0
BRDA:16,1,0,0
BRF:2
BRH:0
end_of_record
TN:
SF:components/navigation.tsx
FN:28,ThemeToggle
FN:32,(anonymous_3)
FN:59,(anonymous_4)
FN:63,(anonymous_5)
FN:67,(anonymous_6)
FN:76,UserMenu
FN:81,(anonymous_8)
FN:130,Navigation
FN:134,(anonymous_10)
FN:167,(anonymous_11)
FN:213,(anonymous_12)
FN:238,(anonymous_13)
FN:245,(anonymous_14)
FN:267,(anonymous_15)
FN:274,(anonymous_16)
FN:282,(anonymous_17)
FN:295,(anonymous_18)
FN:300,(anonymous_19)
FNF:18
FNH:0
FNDA:0,ThemeToggle
FNDA:0,(anonymous_3)
FNDA:0,(anonymous_4)
FNDA:0,(anonymous_5)
FNDA:0,(anonymous_6)
FNDA:0,UserMenu
FNDA:0,(anonymous_8)
FNDA:0,Navigation
FNDA:0,(anonymous_10)
FNDA:0,(anonymous_11)
FNDA:0,(anonymous_12)
FNDA:0,(anonymous_13)
FNDA:0,(anonymous_14)
FNDA:0,(anonymous_15)
FNDA:0,(anonymous_16)
FNDA:0,(anonymous_17)
FNDA:0,(anonymous_18)
FNDA:0,(anonymous_19)
DA:3,0
DA:4,0
DA:5,0
DA:6,0
DA:7,0
DA:8,0
DA:9,0
DA:16,0
DA:18,0
DA:29,0
DA:30,0
DA:32,0
DA:33,0
DA:36,0
DA:59,0
DA:63,0
DA:67,0
DA:77,0
DA:79,0
DA:81,0
DA:82,0
DA:130,0
DA:131,0
DA:132,0
DA:134,0
DA:135,0
DA:136,0
DA:137,0
DA:168,0
DA:213,0
DA:239,0
DA:245,0
DA:267,0
DA:274,0
DA:283,0
DA:284,0
DA:295,0
DA:300,0
LF:38
LH:0
BRDA:36,0,0,0
BRDA:49,1,0,0
BRDA:51,2,0,0
BRDA:79,3,0,0
BRDA:91,4,0,0
BRDA:91,4,1,0
BRDA:91,4,2,0
BRDA:108,5,0,0
BRDA:130,6,0,0
BRDA:135,7,0,0
BRDA:135,8,0,0
BRDA:135,8,1,0
BRDA:136,9,0,0
BRDA:136,10,0,0
BRDA:136,10,1,0
BRDA:136,10,2,0
BRDA:172,11,0,0
BRDA:172,11,1,0
BRDA:187,12,0,0
BRDA:189,13,0,0
BRDA:216,14,0,0
BRDA:228,15,0,0
BRDA:249,16,0,0
BRDA:249,16,1,0
BRDA:266,17,0,0
BRDA:273,18,0,0
BRF:26
BRH:0
end_of_record
TN:
SF:components/theme-provider.tsx
FN:9,ThemeProvider
FNF:1
FNH:0
FNDA:0,ThemeProvider
DA:3,0
DA:7,0
DA:9,0
LF:3
LH:0
BRF:0
BRH:0
end_of_record
TN:
SF:components/3d/BrainModel.tsx
FN:9,(anonymous_5)
FN:9,(anonymous_6)
FN:11,(anonymous_8)
FN:14,(anonymous_9)
FN:14,(anonymous_10)
FN:16,(anonymous_12)
FN:19,BrainModel
FNF:7
FNH:0
FNDA:0,(anonymous_5)
FNDA:0,(anonymous_6)
FNDA:0,(anonymous_8)
FNDA:0,(anonymous_9)
FNDA:0,(anonymous_10)
FNDA:0,(anonymous_12)
FNDA:0,BrainModel
DA:3,0
DA:4,0
DA:5,0
DA:6,0
DA:9,0
DA:11,0
DA:14,0
DA:16,0
DA:19,0
LF:9
LH:0
BRF:0
BRH:0
end_of_record
TN:
SF:components/3d/BrainModelClient.tsx
FN:13,ParticleSphere
FN:17,(anonymous_5)
FN:41,(anonymous_6)
FN:51,(anonymous_7)
FN:66,BrainModel
FN:78,(anonymous_9)
FN:138,Controls
FN:139,(anonymous_11)
FN:171,(anonymous_12)
FN:191,BrainModelClient
FN:207,(anonymous_14)
FNF:11
FNH:0
FNDA:0,ParticleSphere
FNDA:0,(anonymous_5)
FNDA:0,(anonymous_6)
FNDA:0,(anonymous_7)
FNDA:0,BrainModel
FNDA:0,(anonymous_9)
FNDA:0,Controls
FNDA:0,(anonymous_11)
FNDA:0,(anonymous_12)
FNDA:0,BrainModelClient
FNDA:0,(anonymous_14)
DA:3,0
DA:4,0
DA:5,0
DA:7,0
DA:10,0
DA:14,0
DA:17,0
DA:18,0
DA:20,0
DA:24,0
DA:26,0
DA:28,0
DA:29,0
DA:30,0
DA:32,0
DA:33,0
DA:35,0
DA:36,0
DA:38,0
DA:41,0
DA:42,0
DA:44,0
DA:45,0
DA:52,0
DA:67,0
DA:68,0
DA:71,0
DA:72,0
DA:73,0
DA:75,0
DA:78,0
DA:79,0
DA:80,0
DA:81,0
DA:139,0
DA:142,0
DA:171,0
DA:177,0
DA:178,0
DA:182,0
DA:183,0
DA:184,0
DA:186,0
DA:191,0
DA:193,0
LF:45
LH:0
BRDA:20,0,0,0
BRDA:20,0,1,0
BRDA:20,0,2,0
BRDA:24,1,0,0
BRDA:24,1,1,0
BRDA:42,2,0,0
BRDA:79,3,0,0
BRDA:91,4,0,0
BRDA:142,5,0,0
BRDA:142,5,1,0
BRDA:142,5,2,0
BRDA:159,6,0,0
BRDA:159,6,1,0
BRDA:162,7,0,0
BRDA:162,7,1,0
BRDA:166,8,0,0
BRDA:166,8,1,0
BRDA:177,9,0,0
BRDA:178,10,0,0
BRDA:178,10,1,0
BRDA:182,11,0,0
BRDA:193,12,0,0
BRDA:193,12,1,0
BRDA:193,12,2,0
BRDA:212,13,0,0
BRDA:212,13,1,0
BRDA:213,14,0,0
BRDA:213,14,1,0
BRDA:215,15,0,0
BRDA:215,15,1,0
BRDA:217,16,0,0
BRDA:217,16,1,0
BRDA:221,17,0,0
BRDA:221,17,1,0
BRDA:222,18,0,0
BRDA:223,19,0,0
BRF:36
BRH:0
end_of_record
TN:
SF:components/3d/MobileBrainFallback.tsx
FN:5,MobileBrainFallback
FN:112,(anonymous_2)
FNF:2
FNH:0
FNDA:0,MobileBrainFallback
FNDA:0,(anonymous_2)
DA:3,0
DA:5,0
DA:113,0
LF:3
LH:0
BRF:0
BRH:0
end_of_record
TN:
SF:components/3d/MobileSpineFallback.tsx
FN:5,MobileSpineFallback
FN:19,(anonymous_2)
FN:30,(anonymous_3)
FN:45,(anonymous_4)
FNF:4
FNH:0
FNDA:0,MobileSpineFallback
FNDA:0,(anonymous_2)
FNDA:0,(anonymous_3)
FNDA:0,(anonymous_4)
DA:3,0
DA:5,0
DA:20,0
DA:31,0
DA:46,0
LF:5
LH:0
BRF:0
BRH:0
end_of_record
TN:
SF:components/3d/ModelErrorBoundary.tsx
FN:17,(anonymous_4)
FN:22,(anonymous_5)
FN:26,(anonymous_6)
FN:30,(anonymous_7)
FNF:4
FNH:0
FNDA:0,(anonymous_4)
FNDA:0,(anonymous_5)
FNDA:0,(anonymous_6)
FNDA:0,(anonymous_7)
DA:3,0
DA:4,0
DA:16,0
DA:18,0
DA:19,0
DA:23,0
DA:27,0
DA:31,0
DA:43,0
LF:9
LH:0
BRDA:31,0,0,0
BRDA:32,1,0,0
BRF:2
BRH:0
end_of_record
TN:
SF:components/3d/ModelSkeleton.tsx
FN:5,ModelSkeleton
FNF:1
FNH:0
FNDA:0,ModelSkeleton
DA:3,0
DA:5,0
LF:2
LH:0
BRF:0
BRH:0
end_of_record
TN:
SF:components/3d/SpineModel.tsx
FN:9,(anonymous_5)
FN:9,(anonymous_6)
FN:11,(anonymous_8)
FN:14,(anonymous_9)
FN:14,(anonymous_10)
FN:16,(anonymous_12)
FN:19,SpineModel
FNF:7
FNH:0
FNDA:0,(anonymous_5)
FNDA:0,(anonymous_6)
FNDA:0,(anonymous_8)
FNDA:0,(anonymous_9)
FNDA:0,(anonymous_10)
FNDA:0,(anonymous_12)
FNDA:0,SpineModel
DA:3,0
DA:4,0
DA:5,0
DA:6,0
DA:9,0
DA:11,0
DA:14,0
DA:16,0
DA:19,0
LF:9
LH:0
BRF:0
BRH:0
end_of_record
TN:
SF:components/3d/SpineModelClient.tsx
FN:12,SpineModel
FN:24,(anonymous_5)
FN:44,(anonymous_6)
FN:99,SpineModelClient
FNF:4
FNH:0
FNDA:0,SpineModel
FNDA:0,(anonymous_5)
FNDA:0,(anonymous_6)
FNDA:0,SpineModelClient
DA:3,0
DA:4,0
DA:5,0
DA:6,0
DA:9,0
DA:13,0
DA:14,0
DA:17,0
DA:18,0
DA:19,0
DA:21,0
DA:24,0
DA:25,0
DA:26,0
DA:27,0
DA:45,0
DA:85,0
DA:86,0
DA:90,0
DA:91,0
DA:92,0
DA:94,0
DA:99,0
DA:101,0
LF:24
LH:0
BRDA:25,0,0,0
BRDA:35,1,0,0
BRDA:85,2,0,0
BRDA:86,3,0,0
BRDA:86,3,1,0
BRDA:90,4,0,0
BRDA:101,5,0,0
BRDA:101,5,1,0
BRDA:101,5,2,0
BRDA:118,6,0,0
BRDA:118,6,1,0
BRDA:119,7,0,0
BRDA:119,7,1,0
BRDA:121,8,0,0
BRDA:121,8,1,0
BRDA:123,9,0,0
BRDA:123,9,1,0
BRDA:128,10,0,0
BRDA:141,11,0,0
BRDA:150,12,0,0
BRDA:150,12,1,0
BRDA:155,13,0,0
BRDA:155,13,1,0
BRDA:159,14,0,0
BRDA:159,14,1,0
BRF:25
BRH:0
end_of_record
TN:
SF:components/admin/AdminDashboard.tsx
FN:58,AdminDashboard
FN:63,(anonymous_3)
FN:67,(anonymous_4)
FN:86,(anonymous_5)
FN:93,(anonymous_6)
FN:103,(anonymous_7)
FN:120,(anonymous_8)
FN:133,(anonymous_9)
FN:140,(anonymous_10)
FN:245,(anonymous_11)
FN:273,(anonymous_12)
FN:309,(anonymous_13)
FN:402,(anonymous_14)
FNF:13
FNH:0
FNDA:0,AdminDashboard
FNDA:0,(anonymous_3)
FNDA:0,(anonymous_4)
FNDA:0,(anonymous_5)
FNDA:0,(anonymous_6)
FNDA:0,(anonymous_7)
FNDA:0,(anonymous_8)
FNDA:0,(anonymous_9)
FNDA:0,(anonymous_10)
FNDA:0,(anonymous_11)
FNDA:0,(anonymous_12)
FNDA:0,(anonymous_13)
FNDA:0,(anonymous_14)
DA:3,0
DA:4,0
DA:5,0
DA:6,0
DA:7,0
DA:22,0
DA:23,0
DA:24,0
DA:58,0
DA:59,0
DA:60,0
DA:61,0
DA:63,0
DA:64,0
DA:67,0
DA:68,0
DA:69,0
DA:70,0
DA:71,0
DA:73,0
DA:74,0
DA:76,0
DA:79,0
DA:80,0
DA:82,0
DA:86,0
DA:87,0
DA:88,0
DA:90,0
DA:93,0
DA:94,0
DA:95,0
DA:96,0
DA:97,0
DA:98,0
DA:99,0
DA:103,0
DA:104,0
DA:106,0
DA:108,0
DA:110,0
DA:112,0
DA:116,0
DA:121,0
DA:134,0
DA:141,0
DA:152,0
DA:161,0
DA:246,0
DA:274,0
DA:310,0
DA:403,0
LF:52
LH:0
BRDA:73,0,0,0
BRDA:73,0,1,0
BRDA:76,1,0,0
BRDA:76,1,1,0
BRDA:87,2,0,0
BRDA:94,3,0,0
BRDA:94,3,1,0
BRDA:94,3,2,0
BRDA:94,3,3,0
BRDA:94,3,4,0
BRDA:104,4,0,0
BRDA:104,4,1,0
BRDA:104,4,2,0
BRDA:104,4,3,0
BRDA:116,5,0,0
BRDA:152,6,0,0
BRDA:161,7,0,0
BRF:17
BRH:0
end_of_record
TN:
SF:components/admin/BulkEmailForm.tsx
FN:44,BulkEmailForm
FN:67,(anonymous_2)
FN:71,(anonymous_3)
FN:75,(anonymous_4)
FN:102,(anonymous_5)
FN:107,(anonymous_6)
FN:112,(anonymous_7)
FN:117,(anonymous_8)
FN:124,(anonymous_9)
FN:124,(anonymous_10)
FN:124,(anonymous_11)
FN:127,(anonymous_12)
FN:129,(anonymous_13)
FN:136,(anonymous_14)
FN:138,(anonymous_15)
FN:140,(anonymous_16)
FN:140,(anonymous_17)
FN:144,(anonymous_18)
FN:148,(anonymous_19)
FN:152,(anonymous_20)
FN:156,(anonymous_21)
FN:165,(anonymous_22)
FN:166,(anonymous_23)
FN:169,(anonymous_24)
FN:193,(anonymous_25)
FN:198,(anonymous_26)
FN:221,(anonymous_27)
FN:278,(anonymous_28)
FN:288,(anonymous_29)
FN:327,(anonymous_30)
FN:338,(anonymous_31)
FN:405,(anonymous_32)
FN:405,(anonymous_33)
FN:414,(anonymous_34)
FN:414,(anonymous_35)
FN:434,(anonymous_36)
FN:434,(anonymous_37)
FN:455,(anonymous_38)
FN:463,(anonymous_39)
FN:491,(anonymous_40)
FN:499,(anonymous_41)
FN:504,(anonymous_42)
FN:560,(anonymous_43)
FN:572,(anonymous_44)
FN:615,(anonymous_45)
FN:629,(anonymous_46)
FNF:46
FNH:0
FNDA:0,BulkEmailForm
FNDA:0,(anonymous_2)
FNDA:0,(anonymous_3)
FNDA:0,(anonymous_4)
FNDA:0,(anonymous_5)
FNDA:0,(anonymous_6)
FNDA:0,(anonymous_7)
FNDA:0,(anonymous_8)
FNDA:0,(anonymous_9)
FNDA:0,(anonymous_10)
FNDA:0,(anonymous_11)
FNDA:0,(anonymous_12)
FNDA:0,(anonymous_13)
FNDA:0,(anonymous_14)
FNDA:0,(anonymous_15)
FNDA:0,(anonymous_16)
FNDA:0,(anonymous_17)
FNDA:0,(anonymous_18)
FNDA:0,(anonymous_19)
FNDA:0,(anonymous_20)
FNDA:0,(anonymous_21)
FNDA:0,(anonymous_22)
FNDA:0,(anonymous_23)
FNDA:0,(anonymous_24)
FNDA:0,(anonymous_25)
FNDA:0,(anonymous_26)
FNDA:0,(anonymous_27)
FNDA:0,(anonymous_28)
FNDA:0,(anonymous_29)
FNDA:0,(anonymous_30)
FNDA:0,(anonymous_31)
FNDA:0,(anonymous_32)
FNDA:0,(anonymous_33)
FNDA:0,(anonymous_34)
FNDA:0,(anonymous_35)
FNDA:0,(anonymous_36)
FNDA:0,(anonymous_37)
FNDA:0,(anonymous_38)
FNDA:0,(anonymous_39)
FNDA:0,(anonymous_40)
FNDA:0,(anonymous_41)
FNDA:0,(anonymous_42)
FNDA:0,(anonymous_43)
FNDA:0,(anonymous_44)
FNDA:0,(anonymous_45)
FNDA:0,(anonymous_46)
DA:3,0
DA:4,0
DA:5,0
DA:6,0
DA:7,0
DA:8,0
DA:9,0
DA:10,0
DA:11,0
DA:12,0
DA:13,0
DA:14,0
DA:25,0
DA:26,0
DA:27,0
DA:44,0
DA:45,0
DA:46,0
DA:47,0
DA:48,0
DA:49,0
DA:54,0
DA:55,0
DA:56,0
DA:57,0
DA:58,0
DA:65,0
DA:67,0
DA:68,0
DA:71,0
DA:72,0
DA:75,0
DA:76,0
DA:77,0
DA:78,0
DA:79,0
DA:81,0
DA:82,0
DA:84,0
DA:91,0
DA:92,0
DA:98,0
DA:102,0
DA:103,0
DA:106,0
DA:107,0
DA:111,0
DA:112,0
DA:116,0
DA:117,0
DA:118,0
DA:124,0
DA:127,0
DA:128,0
DA:129,0
DA:130,0
DA:132,0
DA:136,0
DA:137,0
DA:138,0
DA:140,0
DA:144,0
DA:145,0
DA:147,0
DA:148,0
DA:151,0
DA:152,0
DA:155,0
DA:156,0
DA:157,0
DA:162,0
DA:165,0
DA:166,0
DA:169,0
DA:170,0
DA:171,0
DA:176,0
DA:179,0
DA:180,0
DA:185,0
DA:188,0
DA:189,0
DA:193,0
DA:195,0
DA:198,0
DA:199,0
DA:200,0
DA:205,0
DA:208,0
DA:209,0
DA:211,0
DA:212,0
DA:213,0
DA:221,0
DA:226,0
DA:228,0
DA:229,0
DA:236,0
DA:242,0
DA:243,0
DA:244,0
DA:246,0
DA:253,0
DA:260,0
DA:261,0
DA:268,0
DA:274,0
DA:278,0
DA:279,0
DA:280,0
DA:281,0
DA:282,0
DA:283,0
DA:284,0
DA:288,0
DA:289,0
DA:291,0
DA:293,0
DA:295,0
DA:297,0
DA:301,0
DA:327,0
DA:338,0
DA:405,0
DA:414,0
DA:434,0
DA:455,0
DA:463,0
DA:491,0
DA:500,0
DA:504,0
DA:561,0
DA:572,0
DA:616,0
DA:629,0
LF:135
LH:0
BRDA:81,0,0,0
BRDA:81,0,1,0
BRDA:106,1,0,0
BRDA:111,2,0,0
BRDA:116,3,0,0
BRDA:118,4,0,0
BRDA:118,4,1,0
BRDA:128,5,0,0
BRDA:128,5,1,0
BRDA:137,6,0,0
BRDA:137,6,1,0
BRDA:147,7,0,0
BRDA:151,8,0,0
BRDA:155,9,0,0
BRDA:157,10,0,0
BRDA:157,10,1,0
BRDA:170,11,0,0
BRDA:170,12,0,0
BRDA:170,12,1,0
BRDA:179,13,0,0
BRDA:199,14,0,0
BRDA:199,15,0,0
BRDA:199,15,1,0
BRDA:199,15,2,0
BRDA:228,16,0,0
BRDA:228,16,1,0
BRDA:231,17,0,0
BRDA:231,17,1,0
BRDA:232,18,0,0
BRDA:232,18,1,0
BRDA:233,19,0,0
BRDA:233,19,1,0
BRDA:238,20,0,0
BRDA:238,20,1,0
BRDA:250,21,0,0
BRDA:250,21,1,0
BRDA:255,22,0,0
BRDA:255,22,1,0
BRDA:279,23,0,0
BRDA:279,23,1,0
BRDA:279,23,2,0
BRDA:279,23,3,0
BRDA:279,23,4,0
BRDA:289,24,0,0
BRDA:289,24,1,0
BRDA:289,24,2,0
BRDA:289,24,3,0
BRDA:368,25,0,0
BRDA:368,25,1,0
BRDA:368,25,2,0
BRDA:368,25,3,0
BRDA:376,26,0,0
BRDA:376,26,1,0
BRDA:376,26,2,0
BRDA:376,26,3,0
BRDA:380,27,0,0
BRDA:456,28,0,0
BRDA:456,28,1,0
BRDA:464,29,0,0
BRDA:464,29,1,0
BRDA:474,30,0,0
BRDA:479,31,0,0
BRDA:490,32,0,0
BRDA:490,32,1,0
BRDA:529,33,0,0
BRDA:532,34,0,0
BRDA:532,34,1,0
BRDA:534,35,0,0
BRDA:553,36,0,0
BRDA:592,37,0,0
BRDA:618,38,0,0
BRF:71
BRH:0
end_of_record
TN:
SF:components/admin/ComprehensiveAdminPanel.tsx
FN:126,ComprehensiveAdminPanel
FN:167,(anonymous_2)
FN:172,(anonymous_3)
FN:187,(anonymous_4)
FN:191,(anonymous_5)
FN:200,(anonymous_6)
FN:207,(anonymous_7)
FN:217,(anonymous_8)
FN:224,(anonymous_9)
FN:249,(anonymous_10)
FN:261,(anonymous_11)
FN:304,(anonymous_12)
FN:308,(anonymous_13)
FN:309,(anonymous_14)
FN:310,(anonymous_15)
FN:386,(anonymous_16)
FN:414,(anonymous_17)
FN:462,(anonymous_18)
FN:603,(anonymous_19)
FN:658,(anonymous_20)
FN:694,(anonymous_21)
FN:773,(anonymous_22)
FN:872,(anonymous_23)
FN:880,(anonymous_24)
FN:888,(anonymous_25)
FN:1027,(anonymous_26)
FN:1037,(anonymous_27)
FN:1047,(anonymous_28)
FN:1063,(anonymous_29)
FN:1068,(anonymous_30)
FN:1072,(anonymous_31)
FN:1087,(anonymous_32)
FN:1092,(anonymous_33)
FN:1096,(anonymous_34)
FN:1109,(anonymous_35)
FN:1132,(anonymous_36)
FN:1157,(anonymous_37)
FN:1279,(anonymous_38)
FN:1288,(anonymous_39)
FN:1317,(anonymous_40)
FN:1346,(anonymous_41)
FN:1353,(anonymous_42)
FN:1387,(anonymous_43)
FNF:43
FNH:0
FNDA:0,ComprehensiveAdminPanel
FNDA:0,(anonymous_2)
FNDA:0,(anonymous_3)
FNDA:0,(anonymous_4)
FNDA:0,(anonymous_5)
FNDA:0,(anonymous_6)
FNDA:0,(anonymous_7)
FNDA:0,(anonymous_8)
FNDA:0,(anonymous_9)
FNDA:0,(anonymous_10)
FNDA:0,(anonymous_11)
FNDA:0,(anonymous_12)
FNDA:0,(anonymous_13)
FNDA:0,(anonymous_14)
FNDA:0,(anonymous_15)
FNDA:0,(anonymous_16)
FNDA:0,(anonymous_17)
FNDA:0,(anonymous_18)
FNDA:0,(anonymous_19)
FNDA:0,(anonymous_20)
FNDA:0,(anonymous_21)
FNDA:0,(anonymous_22)
FNDA:0,(anonymous_23)
FNDA:0,(anonymous_24)
FNDA:0,(anonymous_25)
FNDA:0,(anonymous_26)
FNDA:0,(anonymous_27)
FNDA:0,(anonymous_28)
FNDA:0,(anonymous_29)
FNDA:0,(anonymous_30)
FNDA:0,(anonymous_31)
FNDA:0,(anonymous_32)
FNDA:0,(anonymous_33)
FNDA:0,(anonymous_34)
FNDA:0,(anonymous_35)
FNDA:0,(anonymous_36)
FNDA:0,(anonymous_37)
FNDA:0,(anonymous_38)
FNDA:0,(anonymous_39)
FNDA:0,(anonymous_40)
FNDA:0,(anonymous_41)
FNDA:0,(anonymous_42)
FNDA:0,(anonymous_43)
DA:3,0
DA:4,0
DA:5,0
DA:6,0
DA:7,0
DA:8,0
DA:9,0
DA:10,0
DA:11,0
DA:12,0
DA:13,0
DA:14,0
DA:15,0
DA:16,0
DA:17,0
DA:25,0
DA:33,0
DA:68,0
DA:69,0
DA:126,0
DA:127,0
DA:128,0
DA:129,0
DA:130,0
DA:131,0
DA:134,0
DA:147,0
DA:148,0
DA:151,0
DA:154,0
DA:155,0
DA:158,0
DA:159,0
DA:160,0
DA:161,0
DA:162,0
DA:163,0
DA:164,0
DA:165,0
DA:167,0
DA:168,0
DA:169,0
DA:172,0
DA:173,0
DA:174,0
DA:175,0
DA:176,0
DA:177,0
DA:178,0
DA:182,0
DA:187,0
DA:188,0
DA:190,0
DA:191,0
DA:192,0
DA:199,0
DA:200,0
DA:203,0
DA:207,0
DA:208,0
DA:209,0
DA:210,0
DA:211,0
DA:212,0
DA:213,0
DA:216,0
DA:217,0
DA:218,0
DA:223,0
DA:224,0
DA:225,0
DA:229,0
DA:231,0
DA:236,0
DA:239,0
DA:245,0
DA:249,0
DA:250,0
DA:251,0
DA:256,0
DA:259,0
DA:260,0
DA:261,0
DA:263,0
DA:276,0
DA:277,0
DA:278,0
DA:284,0
DA:285,0
DA:286,0
DA:287,0
DA:288,0
DA:290,0
DA:291,0
DA:294,0
DA:300,0
DA:304,0
DA:305,0
DA:306,0
DA:307,0
DA:308,0
DA:309,0
DA:310,0
DA:313,0
DA:314,0
DA:315,0
DA:328,0
DA:341,0
DA:342,0
DA:343,0
DA:344,0
DA:346,0
DA:347,0
DA:350,0
DA:351,0
DA:352,0
DA:354,0
DA:357,0
DA:358,0
DA:361,0
DA:372,0
DA:373,0
DA:374,0
DA:376,0
DA:382,0
DA:386,0
DA:387,0
DA:388,0
DA:389,0
DA:390,0
DA:391,0
DA:392,0
DA:393,0
DA:394,0
DA:395,0
DA:396,0
DA:397,0
DA:398,0
DA:400,0
DA:406,0
DA:414,0
DA:415,0
DA:416,0
DA:417,0
DA:418,0
DA:419,0
DA:420,0
DA:421,0
DA:422,0
DA:423,0
DA:424,0
DA:425,0
DA:426,0
DA:428,0
DA:434,0
DA:442,0
DA:453,0
DA:463,0
DA:464,0
DA:604,0
DA:658,0
DA:695,0
DA:774,0
DA:872,0
DA:880,0
DA:888,0
DA:1027,0
DA:1037,0
DA:1047,0
DA:1064,0
DA:1069,0
DA:1070,0
DA:1072,0
DA:1088,0
DA:1093,0
DA:1094,0
DA:1096,0
DA:1109,0
DA:1133,0
DA:1157,0
DA:1279,0
DA:1288,0
DA:1318,0
DA:1347,0
DA:1353,0
DA:1387,0
LF:186
LH:0
BRDA:175,0,0,0
BRDA:177,1,0,0
BRDA:177,2,0,0
BRDA:177,2,1,0
BRDA:190,3,0,0
BRDA:192,4,0,0
BRDA:192,4,1,0
BRDA:192,4,2,0
BRDA:192,4,3,0
BRDA:199,5,0,0
BRDA:211,6,0,0
BRDA:211,6,1,0
BRDA:213,7,0,0
BRDA:213,7,1,0
BRDA:216,8,0,0
BRDA:223,9,0,0
BRDA:250,10,0,0
BRDA:250,11,0,0
BRDA:250,11,1,0
BRDA:250,11,2,0
BRDA:276,12,0,0
BRDA:276,12,1,0
BRDA:291,13,0,0
BRDA:291,13,1,0
BRDA:296,14,0,0
BRDA:296,14,1,0
BRDA:313,15,0,0
BRDA:313,15,1,0
BRDA:313,16,0,0
BRDA:313,16,1,0
BRDA:315,17,0,0
BRDA:315,17,1,0
BRDA:341,18,0,0
BRDA:341,18,1,0
BRDA:341,19,0,0
BRDA:341,19,1,0
BRDA:343,20,0,0
BRDA:343,20,1,0
BRDA:344,21,0,0
BRDA:344,21,1,0
BRDA:350,22,0,0
BRDA:350,22,1,0
BRDA:350,23,0,0
BRDA:350,23,1,0
BRDA:352,24,0,0
BRDA:352,24,1,0
BRDA:358,25,0,0
BRDA:358,25,1,0
BRDA:389,26,0,0
BRDA:417,27,0,0
BRDA:442,28,0,0
BRDA:453,29,0,0
BRDA:603,30,0,0
BRDA:603,30,1,0
BRDA:609,31,0,0
BRDA:710,32,0,0
BRDA:710,32,1,0
BRDA:782,33,0,0
BRDA:782,33,1,0
BRDA:786,34,0,0
BRDA:786,34,1,0
BRDA:791,35,0,0
BRDA:791,35,1,0
BRDA:911,36,0,0
BRDA:913,37,0,0
BRDA:913,37,1,0
BRDA:1069,38,0,0
BRDA:1069,38,1,0
BRDA:1077,39,0,0
BRDA:1077,39,1,0
BRDA:1093,40,0,0
BRDA:1093,40,1,0
BRDA:1101,41,0,0
BRDA:1101,41,1,0
BRDA:1114,42,0,0
BRDA:1126,43,0,0
BRDA:1138,44,0,0
BRDA:1152,45,0,0
BRDA:1158,46,0,0
BRDA:1158,46,1,0
BRDA:1158,46,2,0
BRDA:1158,46,3,0
BRDA:1162,47,0,0
BRDA:1242,48,0,0
BRDA:1242,48,1,0
BRDA:1251,49,0,0
BRDA:1251,49,1,0
BRDA:1317,50,0,0
BRDA:1317,50,1,0
BRDA:1324,51,0,0
BRDA:1324,51,1,0
BRDA:1326,52,0,0
BRDA:1326,52,1,0
BRDA:1327,53,0,0
BRDA:1327,53,1,0
BRDA:1346,54,0,0
BRDA:1346,54,1,0
BRDA:1353,55,0,0
BRDA:1353,55,1,0
BRDA:1353,56,0,0
BRDA:1353,56,1,0
BRDA:1353,57,0,0
BRDA:1353,57,1,0
BRDA:1356,58,0,0
BRDA:1356,58,1,0
BRF:105
BRH:0
end_of_record
TN:
SF:components/admin/ConfigManager.tsx
FN:78,ConfigManager
FN:91,(anonymous_2)
FN:95,(anonymous_3)
FN:122,(anonymous_4)
FN:161,(anonymous_5)
FN:164,(anonymous_6)
FN:176,(anonymous_7)
FN:185,(anonymous_8)
FN:191,(anonymous_9)
FN:194,(anonymous_10)
FN:196,(anonymous_11)
FN:202,(anonymous_12)
FN:205,(anonymous_13)
FN:207,(anonymous_14)
FN:212,(anonymous_15)
FN:224,(anonymous_16)
FN:230,(anonymous_17)
FN:233,(anonymous_18)
FN:235,(anonymous_19)
FN:241,(anonymous_20)
FN:244,(anonymous_21)
FN:246,(anonymous_22)
FN:250,(anonymous_23)
FN:253,(anonymous_24)
FN:326,(anonymous_25)
FN:336,(anonymous_26)
FN:344,(anonymous_27)
FN:351,(anonymous_28)
FN:380,(anonymous_29)
FN:388,(anonymous_30)
FN:397,(anonymous_31)
FN:405,(anonymous_32)
FN:420,(anonymous_33)
FN:454,(anonymous_34)
FN:467,(anonymous_35)
FN:480,(anonymous_36)
FN:488,(anonymous_37)
FN:507,(anonymous_38)
FN:517,(anonymous_39)
FN:529,(anonymous_40)
FN:542,(anonymous_41)
FN:550,(anonymous_42)
FN:559,(anonymous_43)
FN:564,(anonymous_44)
FN:566,(anonymous_45)
FN:583,(anonymous_46)
FN:616,(anonymous_47)
FN:616,(anonymous_48)
FN:625,(anonymous_49)
FN:625,(anonymous_50)
FN:634,(anonymous_51)
FN:634,(anonymous_52)
FN:647,(anonymous_53)
FN:654,(anonymous_54)
FN:663,(anonymous_55)
FN:685,(anonymous_56)
FN:685,(anonymous_57)
FN:701,(anonymous_58)
FN:701,(anonymous_59)
FN:717,(anonymous_60)
FNF:60
FNH:0
FNDA:0,ConfigManager
FNDA:0,(anonymous_2)
FNDA:0,(anonymous_3)
FNDA:0,(anonymous_4)
FNDA:0,(anonymous_5)
FNDA:0,(anonymous_6)
FNDA:0,(anonymous_7)
FNDA:0,(anonymous_8)
FNDA:0,(anonymous_9)
FNDA:0,(anonymous_10)
FNDA:0,(anonymous_11)
FNDA:0,(anonymous_12)
FNDA:0,(anonymous_13)
FNDA:0,(anonymous_14)
FNDA:0,(anonymous_15)
FNDA:0,(anonymous_16)
FNDA:0,(anonymous_17)
FNDA:0,(anonymous_18)
FNDA:0,(anonymous_19)
FNDA:0,(anonymous_20)
FNDA:0,(anonymous_21)
FNDA:0,(anonymous_22)
FNDA:0,(anonymous_23)
FNDA:0,(anonymous_24)
FNDA:0,(anonymous_25)
FNDA:0,(anonymous_26)
FNDA:0,(anonymous_27)
FNDA:0,(anonymous_28)
FNDA:0,(anonymous_29)
FNDA:0,(anonymous_30)
FNDA:0,(anonymous_31)
FNDA:0,(anonymous_32)
FNDA:0,(anonymous_33)
FNDA:0,(anonymous_34)
FNDA:0,(anonymous_35)
FNDA:0,(anonymous_36)
FNDA:0,(anonymous_37)
FNDA:0,(anonymous_38)
FNDA:0,(anonymous_39)
FNDA:0,(anonymous_40)
FNDA:0,(anonymous_41)
FNDA:0,(anonymous_42)
FNDA:0,(anonymous_43)
FNDA:0,(anonymous_44)
FNDA:0,(anonymous_45)
FNDA:0,(anonymous_46)
FNDA:0,(anonymous_47)
FNDA:0,(anonymous_48)
FNDA:0,(anonymous_49)
FNDA:0,(anonymous_50)
FNDA:0,(anonymous_51)
FNDA:0,(anonymous_52)
FNDA:0,(anonymous_53)
FNDA:0,(anonymous_54)
FNDA:0,(anonymous_55)
FNDA:0,(anonymous_56)
FNDA:0,(anonymous_57)
FNDA:0,(anonymous_58)
FNDA:0,(anonymous_59)
FNDA:0,(anonymous_60)
DA:3,0
DA:4,0
DA:5,0
DA:6,0
DA:7,0
DA:8,0
DA:10,0
DA:11,0
DA:12,0
DA:13,0
DA:14,0
DA:15,0
DA:30,0
DA:31,0
DA:78,0
DA:79,0
DA:80,0
DA:81,0
DA:82,0
DA:85,0
DA:86,0
DA:87,0
DA:89,0
DA:91,0
DA:92,0
DA:95,0
DA:96,0
DA:97,0
DA:98,0
DA:104,0
DA:110,0
DA:111,0
DA:112,0
DA:115,0
DA:116,0
DA:118,0
DA:122,0
DA:123,0
DA:124,0
DA:125,0
DA:133,0
DA:135,0
DA:136,0
DA:142,0
DA:149,0
DA:150,0
DA:156,0
DA:161,0
DA:162,0
DA:164,0
DA:176,0
DA:177,0
DA:179,0
DA:185,0
DA:191,0
DA:192,0
DA:194,0
DA:197,0
DA:202,0
DA:203,0
DA:205,0
DA:207,0
DA:212,0
DA:213,0
DA:215,0
DA:224,0
DA:230,0
DA:231,0
DA:233,0
DA:236,0
DA:241,0
DA:242,0
DA:244,0
DA:246,0
DA:250,0
DA:251,0
DA:253,0
DA:265,0
DA:276,0
DA:327,0
DA:336,0
DA:344,0
DA:351,0
DA:381,0
DA:388,0
DA:397,0
DA:405,0
DA:420,0
DA:455,0
DA:467,0
DA:480,0
DA:488,0
DA:507,0
DA:517,0
DA:529,0
DA:542,0
DA:550,0
DA:560,0
DA:565,0
DA:566,0
DA:568,0
DA:583,0
DA:616,0
DA:625,0
DA:634,0
DA:648,0
DA:654,0
DA:663,0
DA:685,0
DA:701,0
DA:717,0
LF:111
LH:0
BRDA:110,0,0,0
BRDA:111,1,0,0
BRDA:112,2,0,0
BRDA:135,3,0,0
BRDA:135,3,1,0
BRDA:144,4,0,0
BRDA:144,4,1,0
BRDA:162,5,0,0
BRDA:177,6,0,0
BRDA:192,7,0,0
BRDA:197,8,0,0
BRDA:197,8,1,0
BRDA:203,9,0,0
BRDA:213,10,0,0
BRDA:231,11,0,0
BRDA:236,12,0,0
BRDA:236,12,1,0
BRDA:242,13,0,0
BRDA:251,14,0,0
BRDA:258,15,0,0
BRDA:258,15,1,0
BRDA:265,16,0,0
BRDA:276,17,0,0
BRDA:320,18,0,0
BRDA:344,19,0,0
BRDA:344,19,1,0
BRDA:397,20,0,0
BRDA:397,20,1,0
BRDA:425,21,0,0
BRDA:443,22,0,0
BRDA:459,23,0,0
BRDA:459,23,1,0
BRDA:460,24,0,0
BRDA:460,24,1,0
BRDA:461,25,0,0
BRDA:461,25,1,0
BRDA:507,26,0,0
BRDA:507,26,1,0
BRDA:519,27,0,0
BRDA:519,27,1,0
BRDA:524,28,0,0
BRDA:528,29,0,0
BRDA:528,29,1,0
BRDA:535,30,0,0
BRDA:541,31,0,0
BRDA:541,31,1,0
BRDA:549,32,0,0
BRDA:549,32,1,0
BRDA:562,33,0,0
BRDA:562,33,1,0
BRDA:565,34,0,0
BRDA:565,34,1,0
BRDA:588,35,0,0
BRDA:606,36,0,0
BRDA:689,37,0,0
BRDA:689,37,1,0
BRDA:705,38,0,0
BRDA:705,38,1,0
BRDA:722,39,0,0
BRF:59
BRH:0
end_of_record
TN:
SF:components/admin/ContactMessagesManager.tsx
FN:52,ContactMessagesManager
FN:62,(anonymous_5)
FN:80,(anonymous_6)
FN:101,(anonymous_7)
FN:105,(anonymous_8)
FN:110,(anonymous_9)
FN:125,(anonymous_10)
FN:138,(anonymous_11)
FN:148,(anonymous_12)
FN:167,(anonymous_13)
FN:187,(anonymous_14)
FN:264,(anonymous_15)
FN:265,(anonymous_16)
FN:296,(anonymous_17)
FN:302,(anonymous_18)
FN:371,(anonymous_19)
FN:379,(anonymous_20)
FNF:17
FNH:0
FNDA:0,ContactMessagesManager
FNDA:0,(anonymous_5)
FNDA:0,(anonymous_6)
FNDA:0,(anonymous_7)
FNDA:0,(anonymous_8)
FNDA:0,(anonymous_9)
FNDA:0,(anonymous_10)
FNDA:0,(anonymous_11)
FNDA:0,(anonymous_12)
FNDA:0,(anonymous_13)
FNDA:0,(anonymous_14)
FNDA:0,(anonymous_15)
FNDA:0,(anonymous_16)
FNDA:0,(anonymous_17)
FNDA:0,(anonymous_18)
FNDA:0,(anonymous_19)
FNDA:0,(anonymous_20)
DA:3,0
DA:4,0
DA:5,0
DA:6,0
DA:7,0
DA:8,0
DA:9,0
DA:10,0
DA:18,0
DA:20,0
DA:52,0
DA:53,0
DA:54,0
DA:55,0
DA:56,0
DA:57,0
DA:58,0
DA:59,0
DA:60,0
DA:62,0
DA:63,0
DA:64,0
DA:65,0
DA:70,0
DA:71,0
DA:74,0
DA:75,0
DA:77,0
DA:79,0
DA:80,0
DA:81,0
DA:88,0
DA:89,0
DA:91,0
DA:94,0
DA:95,0
DA:97,0
DA:101,0
DA:102,0
DA:105,0
DA:106,0
DA:107,0
DA:110,0
DA:111,0
DA:113,0
DA:115,0
DA:117,0
DA:119,0
DA:121,0
DA:125,0
DA:126,0
DA:128,0
DA:130,0
DA:132,0
DA:134,0
DA:138,0
DA:139,0
DA:148,0
DA:149,0
DA:150,0
DA:151,0
DA:152,0
DA:153,0
DA:154,0
DA:155,0
DA:156,0
DA:157,0
DA:158,0
DA:159,0
DA:160,0
DA:163,0
DA:167,0
DA:168,0
DA:169,0
DA:172,0
DA:180,0
DA:187,0
DA:264,0
DA:265,0
DA:297,0
DA:302,0
DA:371,0
DA:379,0
LF:83
LH:0
BRDA:62,0,0,0
BRDA:62,1,0,0
BRDA:62,2,0,0
BRDA:70,3,0,0
BRDA:77,4,0,0
BRDA:77,4,1,0
BRDA:79,5,0,0
BRDA:81,6,0,0
BRDA:81,6,1,0
BRDA:81,6,2,0
BRDA:81,6,3,0
BRDA:91,7,0,0
BRDA:91,7,1,0
BRDA:111,8,0,0
BRDA:111,8,1,0
BRDA:111,8,2,0
BRDA:111,8,3,0
BRDA:111,8,4,0
BRDA:126,9,0,0
BRDA:126,9,1,0
BRDA:126,9,2,0
BRDA:126,9,3,0
BRDA:151,10,0,0
BRDA:172,11,0,0
BRDA:172,12,0,0
BRDA:172,12,1,0
BRDA:180,13,0,0
BRDA:206,14,0,0
BRDA:206,14,1,0
BRDA:218,15,0,0
BRDA:218,15,1,0
BRDA:230,16,0,0
BRDA:230,16,1,0
BRDA:242,17,0,0
BRDA:242,17,1,0
BRDA:265,18,0,0
BRDA:265,18,1,0
BRDA:295,19,0,0
BRDA:294,20,0,0
BRDA:294,20,1,0
BRDA:323,21,0,0
BRDA:360,22,0,0
BRDA:360,22,1,0
BRDA:400,23,0,0
BRDA:411,24,0,0
BRDA:446,25,0,0
BRF:46
BRH:0
end_of_record
TN:
SF:components/admin/EnhancedAdminPanel.tsx
FN:95,EnhancedAdminPanel
FN:110,(anonymous_2)
FN:114,(anonymous_3)
FN:118,(anonymous_4)
FN:139,(anonymous_5)
FN:144,(anonymous_6)
FN:154,(anonymous_7)
FN:160,(anonymous_8)
FN:190,(anonymous_9)
FN:218,(anonymous_10)
FN:255,(anonymous_11)
FN:262,(anonymous_12)
FN:271,(anonymous_13)
FN:289,(anonymous_14)
FN:295,(anonymous_15)
FN:296,(anonymous_16)
FN:297,(anonymous_17)
FN:298,(anonymous_18)
FN:402,(anonymous_19)
FN:448,(anonymous_20)
FN:508,(anonymous_21)
FN:514,(anonymous_22)
FN:522,(anonymous_23)
FN:579,(anonymous_24)
FN:593,(anonymous_25)
FN:606,(anonymous_26)
FN:620,(anonymous_27)
FN:640,(anonymous_28)
FN:671,(anonymous_29)
FNF:29
FNH:0
FNDA:0,EnhancedAdminPanel
FNDA:0,(anonymous_2)
FNDA:0,(anonymous_3)
FNDA:0,(anonymous_4)
FNDA:0,(anonymous_5)
FNDA:0,(anonymous_6)
FNDA:0,(anonymous_7)
FNDA:0,(anonymous_8)
FNDA:0,(anonymous_9)
FNDA:0,(anonymous_10)
FNDA:0,(anonymous_11)
FNDA:0,(anonymous_12)
FNDA:0,(anonymous_13)
FNDA:0,(anonymous_14)
FNDA:0,(anonymous_15)
FNDA:0,(anonymous_16)
FNDA:0,(anonymous_17)
FNDA:0,(anonymous_18)
[...]
DA:160,0
DA:161,0
DA:165,0
DA:166,0
DA:167,0
DA:171,0
DA:172,0
DA:180,0
DA:181,0
DA:182,0
DA:183,0
DA:187,0
DA:194,0
DA:196,0
DA:198,0
DA:199,0
DA:204,0
DA:208,0
DA:213,0
DA:214,0
DA:217,0
DA:218,0
DA:220,0
DA:223,0
DA:224,0
DA:226,0
DA:227,0
DA:229,0
DA:230,0
DA:232,0
DA:233,0
DA:236,0
DA:237,0
DA:238,0
DA:239,0
DA:242,0
DA:250,0
DA:251,0
DA:252,0
DA:255,0
DA:259,0
DA:262,0
DA:263,0
DA:268,0
DA:269,0
DA:272,0
DA:273,0
DA:274,0
DA:277,0
DA:278,0
DA:281,0
DA:282,0
DA:283,0
DA:289,0
DA:290,0
DA:291,0
DA:292,0
DA:294,0
DA:298,0
LF:112
LH:0
BRDA:29,0,0,0
BRDA:32,1,0,0
BRDA:43,2,0,0
BRDA:80,3,0,0
BRDA:90,4,0,0
BRDA:99,5,0,0
BRDA:109,6,0,0
BRDA:118,7,0,0
BRDA:135,8,0,0
BRDA:135,8,1,0
BRDA:137,9,0,0
BRDA:137,9,1,0
BRDA:139,10,0,0
BRDA:139,10,1,0
BRDA:141,11,0,0
BRDA:141,11,1,0
BRDA:143,12,0,0
BRDA:143,12,1,0
BRDA:145,13,0,0
BRDA:145,14,0,0
BRDA:145,14,1,0
BRDA:160,15,0,0
BRDA:160,16,0,0
BRDA:160,16,1,0
BRDA:166,17,0,0
BRDA:166,18,0,0
BRDA:166,18,1,0
BRDA:181,19,0,0
BRDA:199,20,0,0
BRDA:199,21,0,0
BRDA:199,21,1,0
BRDA:217,22,0,0
BRDA:217,22,1,0
BRDA:220,23,0,0
BRDA:223,24,0,0
BRDA:223,24,1,0
BRDA:226,25,0,0
BRDA:226,25,1,0
BRDA:229,26,0,0
BRDA:229,26,1,0
BRDA:232,27,0,0
BRDA:232,27,1,0
BRDA:237,28,0,0
BRDA:258,29,0,0
BRDA:269,30,0,0
BRDA:269,30,1,0
BRDA:272,31,0,0
BRDA:281,32,0,0
BRDA:290,33,0,0
BRDA:290,33,1,0
BRDA:291,34,0,0
BRDA:291,34,1,0
BRDA:292,35,0,0
BRDA:292,35,1,0
BRF:54
BRH:0
end_of_record
TN:
SF:lib/models/Configuration.ts
FNF:0
FNH:0
DA:1,0
DA:13,0
DA:41,0
DA:42,0
DA:44,0
DA:46,0
DA:47,0
LF:7
LH:0
BRDA:44,0,0,0
BRDA:44,0,1,0
BRF:2
BRH:0
end_of_record
TN:
SF:lib/models/ContactMessage.ts
FNF:0
FNH:0
DA:1,0
DA:18,0
DA:76,0
DA:77,0
DA:78,0
DA:80,0
DA:82,0
LF:7
LH:0
BRDA:80,0,0,0
BRDA:80,0,1,0
BRF:2
BRH:0
end_of_record
TN:
SF:lib/models/NotificationEmail.ts
FN:20,(anonymous_6)
FNF:1
FNH:0
FNDA:0,(anonymous_6)
DA:1,0
DA:13,0
DA:21,0
DA:47,0
DA:48,0
DA:49,0
DA:50,0
DA:52,0
DA:54,0
DA:55,0
LF:10
LH:0
BRDA:52,0,0,0
BRDA:52,0,1,0
BRF:2
BRH:0
end_of_record
TN:
SF:lib/models/Payment.ts
FNF:0
FNH:0
DA:1,0
DA:41,0
DA:101,0
DA:102,0
DA:104,0
DA:105,0
DA:107,0
LF:7
LH:0
BRDA:107,0,0,0
BRDA:107,0,1,0
BRF:2
BRH:0
end_of_record
TN:
SF:lib/models/User.ts
FNF:0
FNH:0
DA:1,0
DA:45,0
DA:146,0
DA:147,0
DA:149,0
LF:5
LH:0
BRDA:149,0,0,0
BRDA:149,0,1,0
BRF:2
BRH:0
end_of_record
TN:
SF:lib/models/Workshop.ts
FN:115,(anonymous_4)
FN:120,(anonymous_5)
FN:129,(anonymous_6)
FN:134,(anonymous_7)
FNF:4
FNH:0
FNDA:0,(anonymous_4)
FNDA:0,(anonymous_5)
FNDA:0,(anonymous_6)
FNDA:0,(anonymous_7)
DA:1,0
DA:26,0
DA:115,0
DA:116,0
DA:120,0
DA:121,0
DA:122,0
DA:123,0
DA:124,0
DA:125,0
DA:129,0
DA:130,0
DA:134,0
DA:135,0
DA:136,0
DA:143,0
DA:144,0
DA:146,0
LF:18
LH:0
BRDA:122,0,0,0
BRDA:123,1,0,0
BRDA:124,2,0,0
BRDA:136,3,0,0
BRDA:136,3,1,0
BRDA:136,3,2,0
BRDA:136,3,3,0
BRDA:146,4,0,0
BRDA:146,4,1,0
BRF:9
BRH:0
end_of_record
TN:
SF:lib/seed/discounts.ts
FN:4,seedDiscounts
FN:77,(anonymous_3)
FNF:2
FNH:0
FNDA:0,seedDiscounts
FNDA:0,(anonymous_3)
DA:1,0
DA:2,0
DA:4,0
DA:5,0
DA:6,0
DA:9,0
DA:14,0
DA:15,0
DA:16,0
DA:20,0
DA:60,0
DA:67,0
DA:68,0
DA:71,0
DA:76,0
DA:77,0
LF:16
LH:0
BRDA:14,0,0,0
BRDA:76,1,0,0
BRF:2
BRH:0
end_of_record
TN:
SF:lib/seed/initialConfig.ts
FN:7,seedInitialConfiguration
FNF:1
FNH:0
FNDA:0,seedInitialConfiguration
DA:1,0
DA:2,0
DA:3,0
DA:4,0
DA:5,0
DA:7,0
DA:8,0
DA:9,0
DA:12,0
DA:15,0
DA:16,0
DA:17,0
DA:42,0
DA:44,0
DA:48,0
DA:112,0
DA:126,0
DA:142,0
DA:171,0
DA:199,0
DA:246,0
DA:363,0
DA:364,0
DA:369,0
DA:374,0
DA:392,0
DA:394,0
DA:395,0
DA:400,0
DA:403,0
DA:404,0
DA:406,0
DA:407,0
LF:33
LH:0
BRDA:15,0,0,0
BRDA:15,0,1,0
BRF:2
BRH:0
end_of_record
TN:
SF:lib/utils/auth-debug.ts
FN:29,(anonymous_7)
FN:39,(anonymous_8)
FN:46,(anonymous_9)
FN:67,(anonymous_10)
FN:87,(anonymous_11)
FN:96,(anonymous_12)
FN:98,(anonymous_13)
FN:106,(anonymous_14)
FN:113,(anonymous_15)
FN:120,(anonymous_16)
FN:125,(anonymous_17)
FN:126,(anonymous_18)
FN:129,(anonymous_19)
FN:130,(anonymous_20)
FN:132,(anonymous_21)
FN:134,(anonymous_22)
FN:144,(anonymous_24)
FN:148,(anonymous_25)
FN:152,(anonymous_26)
FN:159,(anonymous_27)
FN:164,(anonymous_28)
FN:173,(anonymous_29)
FNF:22
FNH:0
FNDA:0,(anonymous_7)
FNDA:0,(anonymous_8)
FNDA:0,(anonymous_9)
FNDA:0,(anonymous_10)
FNDA:0,(anonymous_11)
FNDA:0,(anonymous_12)
FNDA:0,(anonymous_13)
FNDA:0,(anonymous_14)
FNDA:0,(anonymous_15)
FNDA:0,(anonymous_16)
FNDA:0,(anonymous_17)
FNDA:0,(anonymous_18)
FNDA:0,(anonymous_19)
FNDA:0,(anonymous_20)
FNDA:0,(anonymous_21)
FNDA:0,(anonymous_22)
FNDA:0,(anonymous_24)
FNDA:0,(anonymous_25)
FNDA:0,(anonymous_26)
FNDA:0,(anonymous_27)
FNDA:0,(anonymous_28)
FNDA:0,(anonymous_29)
DA:26,0
DA:27,0
DA:30,0
DA:31,0
DA:33,0
DA:40,0
DA:46,0
DA:51,0
DA:54,0
DA:55,0
DA:59,0
DA:60,0
DA:68,0
DA:70,0
DA:76,0
DA:88,0
DA:97,0
DA:98,0
DA:99,0
DA:107,0
DA:114,0
DA:121,0
DA:123,0
DA:125,0
DA:126,0
DA:129,0
DA:130,0
DA:132,0
DA:134,0
DA:141,0
DA:144,0
DA:145,0
DA:148,0
DA:149,0
DA:152,0
DA:153,0
DA:159,0
DA:160,0
DA:161,0
DA:164,0
DA:173,0
DA:174,0
DA:175,0
LF:43
LH:0
BRDA:30,0,0,0
BRDA:39,1,0,0
BRDA:42,2,0,0
BRDA:42,2,1,0
BRDA:43,3,0,0
BRDA:43,3,1,0
BRDA:44,4,0,0
BRDA:44,4,1,0
BRDA:45,5,0,0
BRDA:45,5,1,0
BRDA:54,6,0,0
BRDA:59,7,0,0
BRDA:59,8,0,0
BRDA:59,8,1,0
BRDA:67,9,0,0
BRDA:68,10,0,0
BRDA:68,10,1,0
BRDA:78,11,0,0
BRDA:78,11,1,0
BRDA:87,12,0,0
BRDA:96,13,0,0
BRDA:133,14,0,0
BRDA:133,14,1,0
BRDA:160,15,0,0
BRDA:173,16,0,0
BRDA:174,17,0,0
BRF:26
BRH:0
end_of_record
TN:
SF:lib/utils/auth-recovery.ts
FN:22,(anonymous_6)
FN:32,(anonymous_7)
FN:79,(anonymous_8)
FN:89,(anonymous_9)
FN:105,(anonymous_10)
FN:111,(anonymous_11)
FN:118,(anonymous_12)
FN:128,(anonymous_13)
FN:135,(anonymous_14)
FN:155,(anonymous_15)
FN:163,(anonymous_16)
FN:170,(anonymous_17)
FN:177,(anonymous_18)
FN:193,(anonymous_19)
FN:204,(anonymous_20)
FN:216,(anonymous_21)
FN:228,(anonymous_22)
FN:264,(anonymous_24)
FN:268,(anonymous_25)
FN:272,(anonymous_26)
FN:276,(anonymous_27)
FNF:21
FNH:0
FNDA:0,(anonymous_6)
FNDA:0,(anonymous_7)
FNDA:0,(anonymous_8)
FNDA:0,(anonymous_9)
FNDA:0,(anonymous_10)
FNDA:0,(anonymous_11)
FNDA:0,(anonymous_12)
FNDA:0,(anonymous_13)
FNDA:0,(anonymous_14)
FNDA:0,(anonymous_15)
FNDA:0,(anonymous_16)
FNDA:0,(anonymous_17)
FNDA:0,(anonymous_18)
FNDA:0,(anonymous_19)
FNDA:0,(anonymous_20)
FNDA:0,(anonymous_21)
FNDA:0,(anonymous_22)
FNDA:0,(anonymous_24)
FNDA:0,(anonymous_25)
FNDA:0,(anonymous_26)
FNDA:0,(anonymous_27)
DA:6,0
DA:7,0
DA:8,0
DA:18,0
DA:19,0
DA:23,0
DA:24,0
DA:26,0
DA:41,0
DA:43,0
DA:46,0
DA:47,0
DA:50,0
DA:53,0
DA:54,0
DA:56,0
DA:61,0
DA:63,0
DA:66,0
DA:69,0
DA:70,0
DA:72,0
DA:73,0
DA:75,0
DA:78,0
DA:79,0
DA:80,0
DA:84,0
DA:85,0
DA:89,0
DA:91,0
DA:95,0
DA:97,0
DA:98,0
DA:106,0
DA:108,0
DA:110,0
DA:111,0
DA:112,0
DA:118,0
DA:119,0
DA:120,0
DA:122,0
DA:127,0
DA:128,0
DA:129,0
DA:135,0
DA:136,0
DA:137,0
DA:139,0
DA:143,0
DA:148,0
DA:156,0
DA:157,0
DA:164,0
DA:171,0
DA:178,0
DA:180,0
DA:182,0
DA:184,0
DA:185,0
DA:186,0
DA:190,0
DA:193,0
DA:194,0
DA:197,0
DA:209,0
DA:210,0
DA:212,0
DA:214,0
DA:215,0
DA:216,0
DA:217,0
DA:220,0
DA:221,0
DA:222,0
DA:227,0
DA:228,0
DA:229,0
DA:232,0
DA:233,0
DA:234,0
DA:239,0
DA:240,0
DA:241,0
DA:244,0
DA:250,0
DA:251,0
DA:261,0
DA:264,0
DA:265,0
DA:268,0
DA:269,0
DA:272,0
DA:273,0
DA:276,0
DA:277,0
LF:97
LH:0
BRDA:23,0,0,0
BRDA:35,1,0,0
BRDA:38,2,0,0
BRDA:39,3,0,0
BRDA:40,4,0,0
BRDA:46,5,0,0
BRDA:69,6,0,0
BRDA:78,7,0,0
BRDA:106,8,0,0
BRDA:112,9,0,0
BRDA:112,9,1,0
BRDA:112,9,2,0
BRDA:112,9,3,0
BRDA:129,10,0,0
BRDA:129,10,1,0
BRDA:129,10,2,0
BRDA:129,10,3,0
BRDA:182,11,0,0
BRDA:214,12,0,0
BRDA:217,13,0,0
BRDA:217,13,1,0
BRDA:220,14,0,0
BRDA:227,15,0,0
BRDA:229,16,0,0
BRDA:229,16,1,0
BRDA:232,17,0,0
BRDA:239,18,0,0
BRF:27
BRH:0
end_of_record
TN:
SF:lib/utils/cache-buster.ts
FN:9,forceReload
FN:16,(anonymous_8)
FN:19,(anonymous_9)
FN:22,(anonymous_10)
FN:25,(anonymous_11)
FN:38,clearAuthCache
FN:42,(anonymous_13)
FN:47,(anonymous_14)
FN:60,addCacheBuster
FN:69,detectCacheIssues
FN:78,(anonymous_17)
FN:87,(anonymous_18)
FN:99,(anonymous_19)
FN:121,(anonymous_20)
FN:131,(anonymous_21)
FN:133,(anonymous_22)
FN:142,(anonymous_23)
FN:153,(anonymous_24)
FNF:18
FNH:0
FNDA:0,forceReload
FNDA:0,(anonymous_8)
FNDA:0,(anonymous_9)
FNDA:0,(anonymous_10)
FNDA:0,(anonymous_11)
FNDA:0,clearAuthCache
FNDA:0,(anonymous_13)
FNDA:0,(anonymous_14)
FNDA:0,addCacheBuster
FNDA:0,detectCacheIssues
FNDA:0,(anonymous_17)
FNDA:0,(anonymous_18)
FNDA:0,(anonymous_19)
FNDA:0,(anonymous_20)
FNDA:0,(anonymous_21)
FNDA:0,(anonymous_22)
FNDA:0,(anonymous_23)
FNDA:0,(anonymous_24)
DA:9,0
DA:10,0
DA:11,0
DA:14,0
DA:16,0
DA:17,0
DA:19,0
DA:22,0
DA:23,0
DA:25,0
DA:27,0
DA:31,0
DA:38,0
DA:39,0
DA:40,0
DA:41,0
DA:42,0
DA:43,0
DA:46,0
DA:47,0
DA:50,0
DA:52,0
DA:60,0
DA:61,0
DA:62,0
DA:63,0
DA:69,0
DA:73,0
DA:75,0
DA:77,0
DA:78,0
DA:79,0
DA:80,0
DA:86,0
DA:87,0
DA:88,0
DA:90,0
DA:91,0
DA:98,0
DA:99,0
DA:100,0
DA:102,0
DA:103,0
DA:107,0
DA:116,0
DA:118,0
DA:122,0
DA:123,0
DA:125,0
DA:132,0
DA:133,0
DA:134,0
DA:143,0
DA:144,0
DA:145,0
DA:146,0
DA:154,0
DA:155,0
DA:158,0
DA:159,0
DA:161,0
DA:162,0
DA:163,0
DA:169,0
DA:170,0
DA:171,0
DA:174,0
LF:67
LH:0
BRDA:9,0,0,0
BRDA:10,1,0,0
BRDA:17,2,0,0
BRDA:17,2,1,0
BRDA:17,2,2,0
BRDA:23,3,0,0
BRDA:23,3,1,0
BRDA:23,3,2,0
BRDA:39,4,0,0
BRDA:39,5,0,0
BRDA:39,5,1,0
BRDA:43,6,0,0
BRDA:43,6,1,0
BRDA:43,6,2,0
BRDA:61,7,0,0
BRDA:61,7,1,0
BRDA:75,8,0,0
BRDA:77,9,0,0
BRDA:79,10,0,0
BRDA:88,11,0,0
BRDA:88,11,1,0
BRDA:90,12,0,0
BRDA:100,13,0,0
BRDA:100,13,1,0
BRDA:102,14,0,0
BRDA:122,15,0,0
BRDA:132,16,0,0
BRDA:132,17,0,0
BRDA:132,17,1,0
BRDA:144,18,0,0
BRDA:158,19,0,0
BRDA:158,19,1,0
BRDA:161,20,0,0
BRDA:169,21,0,0
BRF:34
BRH:0
end_of_record
TN:
SF:lib/utils/device-session.ts
FN:17,generateDeviceFingerprint
FN:39,createDeviceSessionId
FN:53,validateDeviceSession
FN:79,clearAuthenticationData
FN:91,(anonymous_11)
FN:108,getBrowserInfo
FN:122,detectPotentialBrowserSync
FNF:7
FNH:0
FNDA:0,generateDeviceFingerprint
FNDA:0,createDeviceSessionId
FNDA:0,validateDeviceSession
FNDA:0,clearAuthenticationData
FNDA:0,(anonymous_11)
FNDA:0,getBrowserInfo
FNDA:0,detectPotentialBrowserSync
DA:17,0
DA:18,0
DA:19,0
DA:27,0
DA:39,0
DA:40,0
DA:41,0
DA:42,0
DA:44,0
DA:53,0
DA:58,0
DA:60,0
DA:61,0
DA:62,0
DA:67,0
DA:69,0
DA:71,0
DA:79,0
DA:80,0
DA:83,0
DA:91,0
DA:92,0
DA:93,0
DA:97,0
DA:98,0
DA:99,0
DA:101,0
DA:108,0
DA:109,0
DA:111,0
DA:112,0
DA:113,0
DA:114,0
DA:115,0
DA:116,0
DA:122,0
DA:127,0
DA:128,0
DA:131,0
DA:133,0
DA:134,0
DA:135,0
DA:136,0
DA:139,0
LF:44
LH:0
BRDA:18,0,0,0
BRDA:61,1,0,0
BRDA:67,2,0,0
BRDA:67,2,1,0
BRDA:80,3,0,0
BRDA:109,4,0,0
BRDA:112,5,0,0
BRDA:113,6,0,0
BRDA:114,7,0,0
BRDA:115,8,0,0
BRDA:133,9,0,0
BRF:11
BRH:0
end_of_record
TN:
SF:lib/utils/generateId.ts
FN:8,generateRegistrationId
FN:50,generateSimpleRegistrationId
FN:61,generateOrderId
FNF:3
FNH:0
FNDA:0,generateRegistrationId
FNDA:0,generateSimpleRegistrationId
FNDA:0,generateOrderId
DA:1,0
DA:2,0
DA:8,0
DA:9,0
DA:11,0
DA:12,0
DA:15,0
DA:24,0
DA:26,0
DA:28,0
DA:29,0
DA:30,0
DA:35,0
DA:37,0
DA:39,0
DA:41,0
DA:42,0
DA:50,0
DA:51,0
DA:52,0
DA:54,0
DA:61,0
DA:62,0
DA:63,0
DA:64,0
DA:66,0
LF:26
LH:0
BRDA:26,0,0,0
BRDA:26,1,0,0
BRDA:26,1,1,0
BRDA:29,2,0,0
BRF:4
BRH:0
end_of_record
TN:
SF:lib/utils/multi-device-test.ts
FN:17,getCurrentDeviceSession
FN:23,(anonymous_5)
FN:34,(anonymous_6)
FN:38,(anonymous_7)
FN:56,testMultiDeviceAuth
FN:76,(anonymous_9)
FN:81,(anonymous_10)
FN:96,clearAllAuthData
FN:109,(anonymous_12)
FN:128,(anonymous_13)
FNF:10
FNH:0
FNDA:0,getCurrentDeviceSession
FNDA:0,(anonymous_5)
FNDA:0,(anonymous_6)
FNDA:0,(anonymous_7)
FNDA:0,testMultiDeviceAuth
FNDA:0,(anonymous_9)
FNDA:0,(anonymous_10)
FNDA:0,clearAllAuthData
FNDA:0,(anonymous_12)
FNDA:0,(anonymous_13)
DA:17,0
DA:18,0
DA:20,0
DA:22,0
DA:23,0
DA:24,0
DA:28,0
DA:29,0
DA:30,0
DA:34,0
DA:35,0
DA:38,0
DA:40,0
DA:48,0
DA:49,0
DA:56,0
DA:57,0
DA:58,0
DA:60,0
DA:61,0
DA:62,0
DA:64,0
DA:68,0
DA:76,0
DA:77,0
DA:80,0
DA:81,0
DA:82,0
DA:83,0
DA:86,0
DA:96,0
DA:97,0
DA:100,0
DA:109,0
DA:110,0
DA:111,0
DA:115,0
DA:116,0
DA:117,0
DA:119,0
DA:122,0
DA:126,0
DA:127,0
DA:128,0
DA:129,0
LF:45
LH:0
BRDA:18,0,0,0
BRDA:24,1,0,0
BRDA:24,1,1,0
BRDA:28,2,0,0
BRDA:35,3,0,0
BRDA:35,3,1,0
BRDA:61,4,0,0
BRDA:61,4,1,0
BRDA:77,5,0,0
BRDA:77,5,1,0
BRDA:83,6,0,0
BRDA:83,6,1,0
BRDA:126,7,0,0
BRF:13
BRH:0
end_of_record
TN:
SF:lib/utils/performance-monitor.ts
FN:17,(anonymous_7)
FN:27,(anonymous_8)
FN:37,(anonymous_9)
FN:60,(anonymous_10)
FN:67,(anonymous_11)
FN:74,(anonymous_12)
FN:76,(anonymous_13)
FN:85,(anonymous_15)
FN:86,(anonymous_16)
FN:91,timed
FN:92,(anonymous_18)
FN:96,(anonymous_19)
FN:113,timeFunction
FN:128,monitorPageLoad
FN:132,(anonymous_22)
FN:146,(anonymous_23)
FN:148,(anonymous_24)
FN:151,(anonymous_25)
FNF:18
FNH:0
FNDA:0,(anonymous_7)
FNDA:0,(anonymous_8)
FNDA:0,(anonymous_9)
FNDA:0,(anonymous_10)
FNDA:0,(anonymous_11)
FNDA:0,(anonymous_12)
FNDA:0,(anonymous_13)
FNDA:0,(anonymous_15)
FNDA:0,(anonymous_16)
FNDA:0,timed
FNDA:0,(anonymous_18)
FNDA:0,(anonymous_19)
FNDA:0,timeFunction
FNDA:0,monitorPageLoad
FNDA:0,(anonymous_22)
FNDA:0,(anonymous_23)
FNDA:0,(anonymous_24)
FNDA:0,(anonymous_25)
DA:15,0
DA:18,0
DA:19,0
DA:21,0
DA:28,0
DA:38,0
DA:39,0
DA:41,0
DA:42,0
DA:44,0
DA:45,0
DA:48,0
DA:49,0
DA:50,0
DA:51,0
DA:54,0
DA:61,0
DA:68,0
DA:75,0
DA:76,0
DA:82,0
DA:85,0
DA:86,0
DA:91,0
DA:92,0
DA:93,0
DA:94,0
DA:96,0
DA:97,0
DA:98,0
DA:99,0
DA:100,0
DA:102,0
DA:106,0
DA:113,0
DA:117,0
DA:118,0
DA:119,0
DA:121,0
DA:128,0
DA:129,0
DA:132,0
DA:133,0
DA:135,0
DA:146,0
DA:147,0
DA:148,0
DA:150,0
DA:151,0
DA:159,0
DA:163,0
DA:164,0
LF:52
LH:0
BRDA:18,0,0,0
BRDA:39,1,0,0
BRDA:48,2,0,0
BRDA:48,2,1,0
BRDA:50,3,0,0
BRDA:76,4,0,0
BRDA:76,4,1,0
BRDA:94,5,0,0
BRDA:94,5,1,0
BRDA:129,6,0,0
BRDA:150,7,0,0
BRDA:163,8,0,0
BRF:12
BRH:0
end_of_record
TN:
SF:lib/utils/pricingTiers.ts
FN:30,getCurrentPricingTier
FN:129,getAllPricingTiers
FN:153,getCurrentPricing
FN:171,getNextPricingTier
FNF:4
FNH:0
FNDA:0,getCurrentPricingTier
FNDA:0,getAllPricingTiers
FNDA:0,getCurrentPricing
FNDA:0,getNextPricingTier
DA:1,0
DA:2,0
DA:30,0
DA:31,0
DA:32,0
DA:34,0
DA:40,0
DA:41,0
DA:44,0
DA:45,0
DA:48,0
DA:49,0
DA:52,0
DA:65,0
DA:68,0
DA:80,0
DA:83,0
DA:95,0
DA:98,0
DA:110,0
DA:121,0
DA:122,0
DA:129,0
DA:130,0
DA:131,0
DA:133,0
DA:139,0
DA:140,0
DA:143,0
DA:145,0
DA:146,0
DA:153,0
DA:154,0
DA:155,0
DA:157,0
DA:158,0
DA:161,0
DA:163,0
DA:164,0
DA:171,0
DA:172,0
DA:173,0
DA:174,0
DA:176,0
DA:177,0
DA:180,0
DA:187,0
DA:188,0
DA:190,0
DA:191,0
DA:192,0
DA:193,0
DA:195,0
DA:196,0
DA:197,0
DA:202,0
DA:204,0
DA:205,0
LF:58
LH:0
BRDA:40,0,0,0
BRDA:49,1,0,0
BRDA:49,2,0,0
BRDA:49,2,1,0
BRDA:49,2,2,0
BRDA:65,3,0,0
BRDA:65,4,0,0
BRDA:65,4,1,0
BRDA:65,4,2,0
BRDA:80,5,0,0
BRDA:80,6,0,0
BRDA:80,6,1,0
BRDA:80,6,2,0
BRDA:95,7,0,0
BRDA:95,8,0,0
BRDA:95,8,1,0
BRDA:95,8,2,0
BRDA:139,9,0,0
BRDA:157,10,0,0
BRDA:157,11,0,0
BRDA:157,11,1,0
BRDA:174,12,0,0
BRDA:191,13,0,0
BRDA:191,14,0,0
BRDA:191,14,1,0
BRDA:195,15,0,0
BRDA:202,16,0,0
BRDA:202,16,1,0
BRF:28
BRH:0
end_of_record
TN:
SF:lib/utils/redirect-guard.ts
FN:18,(anonymous_5)
FN:28,(anonymous_6)
FN:71,(anonymous_7)
FN:87,(anonymous_8)
FN:94,(anonymous_9)
FN:106,(anonymous_10)
FN:119,(anonymous_11)
FN:133,safeRedirect
FN:172,createTimeoutPromise
FN:173,(anonymous_15)
FN:174,(anonymous_16)
FN:183,withAuthTimeout
FNF:12
FNH:0
FNDA:0,(anonymous_5)
FNDA:0,(anonymous_6)
FNDA:0,(anonymous_7)
FNDA:0,(anonymous_8)
FNDA:0,(anonymous_9)
FNDA:0,(anonymous_10)
FNDA:0,(anonymous_11)
FNDA:0,safeRedirect
FNDA:0,createTimeoutPromise
FNDA:0,(anonymous_15)
FNDA:0,(anonymous_16)
FNDA:0,withAuthTimeout
DA:13,0
DA:14,0
DA:19,0
DA:20,0
DA:22,0
DA:29,0
DA:30,0
DA:31,0
DA:34,0
DA:36,0
DA:38,0
DA:43,0
DA:44,0
DA:48,0
DA:49,0
DA:50,0
DA:54,0
DA:55,0
DA:56,0
DA:57,0
DA:61,0
DA:62,0
DA:63,0
DA:65,0
DA:72,0
DA:73,0
DA:76,0
DA:77,0
DA:78,0
DA:88,0
DA:95,0
DA:96,0
DA:97,0
DA:98,0
DA:107,0
DA:109,0
DA:112,0
DA:120,0
DA:121,0
DA:122,0
DA:124,0
DA:128,0
DA:133,0
DA:138,0
DA:139,0
DA:140,0
DA:143,0
DA:144,0
DA:146,0
DA:147,0
DA:149,0
DA:152,0
DA:154,0
DA:156,0
DA:159,0
DA:162,0
DA:163,0
DA:166,0
DA:172,0
DA:173,0
DA:174,0
DA:175,0
DA:183,0
DA:188,0
DA:190,0
DA:191,0
DA:192,0
DA:194,0
DA:195,0
LF:69
LH:0
BRDA:19,0,0,0
BRDA:28,1,0,0
BRDA:36,2,0,0
BRDA:48,3,0,0
BRDA:54,4,0,0
BRDA:72,5,0,0
BRDA:72,5,1,0
BRDA:77,6,0,0
BRDA:97,7,0,0
BRDA:107,8,0,0
BRDA:136,9,0,0
BRDA:138,10,0,0
BRDA:144,11,0,0
BRDA:144,11,1,0
BRDA:144,11,2,0
BRDA:146,12,0,0
BRDA:152,13,0,0
BRDA:185,14,0,0
BRDA:186,15,0,0
BRF:19
BRH:0
end_of_record
TN:
SF:lib/utils/session-monitor.ts
FN:25,(anonymous_6)
FN:57,(anonymous_7)
FN:59,(anonymous_8)
FN:63,(anonymous_9)
FN:75,(anonymous_10)
FN:77,(anonymous_11)
FN:83,(anonymous_12)
FN:88,(anonymous_13)
FN:89,(anonymous_14)
FN:90,(anonymous_15)
FN:91,(anonymous_16)
FN:92,(anonymous_17)
FN:104,(anonymous_18)
FN:111,(anonymous_19)
FN:120,(anonymous_21)
FN:130,(anonymous_22)
FN:139,(anonymous_23)
FN:147,(anonymous_24)
FNF:18
FNH:0
FNDA:0,(anonymous_6)
FNDA:0,(anonymous_7)
FNDA:0,(anonymous_8)
FNDA:0,(anonymous_9)
FNDA:0,(anonymous_10)
FNDA:0,(anonymous_11)
FNDA:0,(anonymous_12)
FNDA:0,(anonymous_13)
FNDA:0,(anonymous_14)
FNDA:0,(anonymous_15)
FNDA:0,(anonymous_16)
FNDA:0,(anonymous_17)
FNDA:0,(anonymous_18)
FNDA:0,(anonymous_19)
FNDA:0,(anonymous_21)
FNDA:0,(anonymous_22)
FNDA:0,(anonymous_23)
FNDA:0,(anonymous_24)
DA:18,0
DA:27,0
DA:28,0
DA:31,0
DA:36,0
DA:39,0
DA:40,0
DA:44,0
DA:45,0
DA:49,0
DA:50,0
DA:59,0
DA:63,0
DA:64,0
DA:65,0
DA:76,0
DA:77,0
DA:84,0
DA:86,0
DA:88,0
DA:89,0
DA:90,0
DA:91,0
DA:92,0
DA:96,0
DA:98,0
DA:105,0
DA:112,0
DA:117,0
DA:120,0
DA:121,0
DA:130,0
DA:131,0
DA:139,0
DA:140,0
DA:147,0
DA:148,0
LF:37
LH:0
BRDA:27,0,0,0
BRDA:27,1,0,0
BRDA:27,1,1,0
BRDA:27,1,2,0
BRDA:39,2,0,0
BRDA:44,3,0,0
BRDA:49,4,0,0
BRDA:49,5,0,0
BRDA:49,5,1,0
BRDA:64,6,0,0
BRDA:75,7,0,0
BRDA:96,8,0,0
BRDA:96,8,1,0
BRF:13
BRH:0
end_of_record
TN:
SF:lib/utils/session-validator.ts
FN:20,validateSession
FN:26,(anonymous_7)
FN:27,(anonymous_8)
FN:88,isSessionExpired
FN:106,validateApiSession
FN:142,createSessionHeaders
FN:167,validateMiddlewareSession
FNF:7
FNH:0
FNDA:0,validateSession
FNDA:0,(anonymous_7)
FNDA:0,(anonymous_8)
FNDA:0,isSessionExpired
FNDA:0,validateApiSession
FNDA:0,createSessionHeaders
FNDA:0,validateMiddlewareSession
DA:6,0
DA:7,0
DA:8,0
DA:20,0
DA:21,0
DA:22,0
DA:25,0
DA:26,0
DA:27,0
DA:30,0
DA:31,0
DA:33,0
DA:43,0
DA:52,0
DA:53,0
DA:59,0
DA:66,0
DA:68,0
DA:73,0
DA:88,0
DA:89,0
DA:91,0
DA:92,0
DA:93,0
DA:94,0
DA:96,0
DA:98,0
DA:99,0
DA:106,0
DA:107,0
DA:108,0
DA:110,0
DA:111,0
DA:119,0
DA:120,0
DA:128,0
DA:130,0
DA:131,0
DA:142,0
DA:143,0
DA:145,0
DA:146,0
DA:147,0
DA:148,0
DA:150,0
DA:151,0
DA:158,0
DA:161,0
DA:167,0
DA:173,0
DA:175,0
DA:181,0
DA:183,0
DA:193,0
DA:200,0
DA:201,0
LF:56
LH:0
BRDA:52,0,0,0
BRDA:52,0,1,0
BRDA:66,1,0,0
BRDA:66,1,1,0
BRDA:68,2,0,0
BRDA:68,2,1,0
BRDA:89,3,0,0
BRDA:93,4,0,0
BRDA:93,4,1,0
BRDA:98,5,0,0
BRDA:98,5,1,0
BRDA:110,6,0,0
BRDA:119,7,0,0
BRDA:130,8,0,0
BRDA:130,8,1,0
BRDA:134,9,0,0
BRDA:134,9,1,0
BRDA:145,10,0,0
BRDA:145,10,1,0
BRDA:147,11,0,0
BRDA:147,11,1,0
BRDA:148,12,0,0
BRDA:148,12,1,0
BRDA:150,13,0,0
BRDA:176,14,0,0
BRDA:176,14,1,0
BRDA:188,15,0,0
BRDA:188,15,1,0
BRDA:195,16,0,0
BRDA:195,16,1,0
BRDA:197,17,0,0
BRDA:197,17,1,0
BRDA:200,18,0,0
BRDA:200,18,1,0
BRF:34
BRH:0
end_of_record
TN:
SF:lib/validation/schemas.ts
FN:25,(anonymous_12)
FN:69,(anonymous_13)
FN:80,(anonymous_14)
FN:121,(anonymous_15)
FN:207,(anonymous_16)
FN:233,(anonymous_17)
FN:238,validateData
FN:244,(anonymous_19)
FN:253,(anonymous_20)
FN:257,(anonymous_21)
FN:261,(anonymous_22)
FN:265,(anonymous_23)
FNF:12
FNH:0
FNDA:0,(anonymous_12)
FNDA:0,(anonymous_13)
FNDA:0,(anonymous_14)
FNDA:0,(anonymous_15)
FNDA:0,(anonymous_16)
FNDA:0,(anonymous_17)
FNDA:0,validateData
FNDA:0,(anonymous_19)
FNDA:0,(anonymous_20)
FNDA:0,(anonymous_21)
FNDA:0,(anonymous_22)
FNDA:0,(anonymous_23)
DA:1,0
DA:4,0
DA:25,0
DA:69,0
DA:80,0
DA:86,0
DA:101,0
DA:110,0
DA:121,0
DA:127,0
DA:137,0
DA:181,0
DA:190,0
DA:207,0
DA:224,0
DA:233,0
DA:238,0
DA:239,0
DA:240,0
DA:241,0
DA:243,0
DA:244,0
DA:245,0
DA:247,0
DA:252,0
DA:258,0
DA:262,0
DA:267,0
LF:28
LH:0
BRDA:207,0,0,0
BRDA:207,0,1,0
BRDA:207,0,2,0
BRDA:243,1,0,0
BRF:4
BRH:0
end_of_record
